Unity Editor version:    2021.2.15f1 (3b8567f665bb)
Branch:                  2021.2/release
Build type:              Release
Batch mode:              YES
macOS version:           Version 11.6.5 (Build 20G527)
Darwin version:          20.6.0
Architecture:            arm64
Running under Rosetta:   NO
Available memory:        16384 MB
Using pre-set license
Pro License: YES

COMMAND LINE ARGUMENTS:
/Applications/Unity/Hub/Editor/2021.2.15f1/Unity.app/Contents/MacOS/Unity
-adb2
-batchMode
-noUpm
-name
AssetImportWorker0
-projectPath
/Users/tinyprince/Desktop/Study/Unity/Toy/Client
-logFile
Logs/AssetImportWorker0.log
-srvPort
54222
Successfully changed project path to: /Users/tinyprince/Desktop/Study/Unity/Toy/Client
/Users/tinyprince/Desktop/Study/Unity/Toy/Client
[UnityMemory] Configuration Parameters - Can be set up in boot.config
    "memorysetup-bucket-allocator-granularity=16"
    "memorysetup-bucket-allocator-bucket-count=8"
    "memorysetup-bucket-allocator-block-size=33554432"
    "memorysetup-bucket-allocator-block-count=8"
    "memorysetup-main-allocator-block-size=16777216"
    "memorysetup-thread-allocator-block-size=16777216"
    "memorysetup-gfx-main-allocator-block-size=16777216"
    "memorysetup-gfx-thread-allocator-block-size=16777216"
    "memorysetup-cache-allocator-block-size=4194304"
    "memorysetup-typetree-allocator-block-size=2097152"
    "memorysetup-profiler-bucket-allocator-granularity=16"
    "memorysetup-profiler-bucket-allocator-bucket-count=8"
    "memorysetup-profiler-bucket-allocator-block-size=33554432"
    "memorysetup-profiler-bucket-allocator-block-count=8"
    "memorysetup-profiler-allocator-block-size=16777216"
    "memorysetup-profiler-editor-allocator-block-size=1048576"
    "memorysetup-temp-allocator-size-main=16777216"
    "memorysetup-job-temp-allocator-block-size=2097152"
    "memorysetup-job-temp-allocator-block-size-background=1048576"
    "memorysetup-job-temp-allocator-reduction-small-platforms=262144"
    "memorysetup-temp-allocator-size-background-worker=32768"
    "memorysetup-temp-allocator-size-job-worker=262144"
    "memorysetup-temp-allocator-size-preload-manager=33554432"
    "memorysetup-temp-allocator-size-nav-mesh-worker=65536"
    "memorysetup-temp-allocator-size-audio-worker=65536"
    "memorysetup-temp-allocator-size-cloud-worker=32768"
    "memorysetup-temp-allocator-size-gi-baking-worker=262144"
    "memorysetup-temp-allocator-size-gfx=262144"
Refreshing native plugins compatible for Editor in 66.20 ms, found 3 plugins.
Preloading 0 native plugins for Editor in 0.00 ms.
Initialize engine version: 2021.2.15f1 (3b8567f665bb)
[Subsystems] Discovering subsystems at path /Applications/Unity/Hub/Editor/2021.2.15f1/Unity.app/Contents/Resources/UnitySubsystems
[Subsystems] Discovering subsystems at path /Users/tinyprince/Desktop/Study/Unity/Toy/Client/Assets
GfxDevice: creating device client; threaded=0; jobified=0
 preferred device: Apple M1 (high power)
Metal devices available: 1
0: Apple M1 (high power)
Using device Apple M1 (high power)
Initializing Metal device caps: Apple M1
Initialize mono
Mono path[0] = '/Applications/Unity/Hub/Editor/2021.2.15f1/Unity.app/Contents/Managed'
Mono path[1] = '/Applications/Unity/Hub/Editor/2021.2.15f1/Unity.app/Contents/MonoBleedingEdge/lib/mono/unityjit-macos'
Mono config path = '/Applications/Unity/Hub/Editor/2021.2.15f1/Unity.app/Contents/MonoBleedingEdge/etc'
Using monoOptions --debugger-agent=transport=dt_socket,embedding=1,server=y,suspend=n,address=127.0.0.1:56576
Begin MonoManager ReloadAssembly
Registering precompiled unity dll's ...
Register platform support module: /Applications/Unity/Hub/Editor/2021.2.15f1/Unity.app/Contents/PlaybackEngines/MacStandaloneSupport/UnityEditor.OSXStandalone.Extensions.dll
Register platform support module: /Applications/Unity/Hub/Editor/2021.2.15f1/PlaybackEngines/AndroidPlayer/UnityEditor.Android.Extensions.dll
Register platform support module: /Applications/Unity/Hub/Editor/2021.2.15f1/PlaybackEngines/iOSSupport/UnityEditor.iOS.Extensions.dll
Register platform support module: /Applications/Unity/Hub/Editor/2021.2.15f1/PlaybackEngines/WindowsStandaloneSupport/UnityEditor.WindowsStandalone.Extensions.dll
Registered in 0.000894 seconds.
Native extension for WindowsStandalone target not found
[usbmuxd] Start listen thread
[usbmuxd] Listen thread started
[usbmuxd] Send listen message
Native extension for iOS target not found
Native extension for Android target not found
Native extension for OSXStandalone target not found
Refreshing native plugins compatible for Editor in 70.64 ms, found 3 plugins.
Preloading 0 native plugins for Editor in 0.00 ms.
Mono: successfully reloaded assembly
- Completed reload, in  0.464 seconds
Domain Reload Profiling:
	ReloadAssembly (464ms)
		BeginReloadAssembly (31ms)
			ExecutionOrderSort (0ms)
			DisableScriptedObjects (0ms)
			BackupInstance (0ms)
			ReleaseScriptingObjects (0ms)
			CreateAndSetChildDomain (0ms)
		EndReloadAssembly (358ms)
			LoadAssemblies (31ms)
			RebuildTransferFunctionScriptingTraits (0ms)
			SetupTypeCache (87ms)
			ReleaseScriptCaches (0ms)
			RebuildScriptCaches (23ms)
			SetupLoadedEditorAssemblies (220ms)
				LogAssemblyErrors (0ms)
				InitializePlatformSupportModulesInManaged (68ms)
				SetLoadedEditorAssemblies (0ms)
				RefreshPlugins (71ms)
				BeforeProcessingInitializeOnLoad (1ms)
				ProcessInitializeOnLoadAttributes (55ms)
				ProcessInitializeOnLoadMethodAttributes (26ms)
				AfterProcessingInitializeOnLoad (0ms)
				EditorAssembliesLoaded (0ms)
			ExecutionOrderSort2 (0ms)
			AwakeInstancesAfterBackupRestoration (0ms)
Platform modules already initialized, skipping
Registering precompiled user dll's ...
Registered in 0.001085 seconds.
Begin MonoManager ReloadAssembly
Symbol file LoadedFromMemory doesn't match image /Users/tinyprince/Desktop/Study/Unity/Toy/Client/Library/PackageCache/com.unity.visualscripting@1.7.6/Editor/VisualScripting.Core/Dependencies/YamlDotNet/Unity.VisualScripting.YamlDotNet.dll
Symbol file LoadedFromMemory doesn't match image /Users/tinyprince/Desktop/Study/Unity/Toy/Client/Library/PackageCache/com.unity.visualscripting@1.7.6/Editor/VisualScripting.Core/Dependencies/DotNetZip/Unity.VisualScripting.IonicZip.dll
Native extension for WindowsStandalone target not found
Native extension for iOS target not found
Native extension for Android target not found
Native extension for OSXStandalone target not found
Refreshing native plugins compatible for Editor in 0.40 ms, found 3 plugins.
Preloading 0 native plugins for Editor in 0.00 ms.
Mono: successfully reloaded assembly
- Completed reload, in  0.780 seconds
Domain Reload Profiling:
	ReloadAssembly (780ms)
		BeginReloadAssembly (167ms)
			ExecutionOrderSort (0ms)
			DisableScriptedObjects (3ms)
			BackupInstance (0ms)
			ReleaseScriptingObjects (0ms)
			CreateAndSetChildDomain (122ms)
		EndReloadAssembly (534ms)
			LoadAssemblies (31ms)
			RebuildTransferFunctionScriptingTraits (0ms)
			SetupTypeCache (209ms)
			ReleaseScriptCaches (0ms)
			RebuildScriptCaches (42ms)
			SetupLoadedEditorAssemblies (220ms)
				LogAssemblyErrors (0ms)
				InitializePlatformSupportModulesInManaged (15ms)
				SetLoadedEditorAssemblies (0ms)
				RefreshPlugins (0ms)
				BeforeProcessingInitializeOnLoad (56ms)
				ProcessInitializeOnLoadAttributes (133ms)
				ProcessInitializeOnLoadMethodAttributes (14ms)
				AfterProcessingInitializeOnLoad (1ms)
				EditorAssembliesLoaded (0ms)
			ExecutionOrderSort2 (0ms)
			AwakeInstancesAfterBackupRestoration (2ms)
Platform modules already initialized, skipping
========================================================================
Worker process is ready to serve import requests
Launching external process: /Applications/Unity/Hub/Editor/2021.2.15f1/Unity.app/Contents/Tools/UnityShaderCompiler
Launched and connected shader compiler UnityShaderCompiler after 0.03 seconds
Refreshing native plugins compatible for Editor in 0.39 ms, found 3 plugins.
Preloading 0 native plugins for Editor in 0.00 ms.
Unloading 3369 Unused Serialized files (Serialized files now loaded: 0)
Unloading 26 unused Assets / (96.6 KB). Loaded Objects now: 3832.
Memory consumption went from 304.7 MB to 304.6 MB.
Total: 2.404000 ms (FindLiveObjects: 0.111000 ms CreateObjectMapping: 0.039834 ms MarkObjects: 2.179083 ms  DeleteObjects: 0.073250 ms)

AssetImportParameters requested are different than current active one (requested -> active):
  custom:video-decoder-ogg-theora: a1e56fd34408186e4bbccfd4996cb3dc -> 
  custom:container-muxer-webm: aa71ff27fc2769a1b78a27578f13a17b -> 
  custom:container-demuxer-webm: 4f35f7cbe854078d1ac9338744f61a02 -> 
  custom:video-encoder-webm-vp8: eb34c28f22e8b96e1ab97ce403110664 -> 
  custom:framework-osx-AVFoundation: e770b220cccbd017edd2c1fefb359320 -> 
  custom:audio-encoder-webm-vorbis: bf7c407c2cedff20999df2af8eb42d56 -> 
  custom:container-demuxer-ogg: 62fdf1f143b41e24485cea50d1cbac27 -> 
  custom:video-decoder-webm-vp8: 9c59270c3fd7afecdb556c50c9e8de78 -> 
  custom:audio-decoder-ogg-vorbis: bf7c407c2cedff20999df2af8eb42d56 -> 
========================================================================
Received Import Request.
  Time since last request: 47882.495417 seconds.
  path: Assets/Textures & Source/3DGamekitLite/Art/Models/Characters/Ch03_nonPBR.fbm/Ch03_1001_Normal.png
  artifactKey: Guid(78e335f45d8694991a3085e7470d685a) Importer(815301076,1909f56bfc062723c751e8b465ee728b)
Start importing Assets/Textures & Source/3DGamekitLite/Art/Models/Characters/Ch03_nonPBR.fbm/Ch03_1001_Normal.png using Guid(78e335f45d8694991a3085e7470d685a) Importer(815301076,1909f56bfc062723c751e8b465ee728b)  -> (artifact id: '214fa1403f0c71e188cc8015af5c018e') in 0.453918 seconds 
========================================================================
Received Import Request.
  Time since last request: 39.735019 seconds.
  path: Assets/Textures & Source/3DGamekitLite/Art/Models/Characters/Michalle/Michalle.fbx
  artifactKey: Guid(6f4ee555dcc2449a6903c5678a5a2152) Importer(815301076,1909f56bfc062723c751e8b465ee728b)
Start importing Assets/Textures & Source/3DGamekitLite/Art/Models/Characters/Michalle/Michalle.fbx using Guid(6f4ee555dcc2449a6903c5678a5a2152) Importer(815301076,1909f56bfc062723c751e8b465ee728b)  -> (artifact id: '3a0d36d8c4a433921e98bde0dae13d80') in 0.358563 seconds 
========================================================================
Received Import Request.
  Time since last request: 4.039231 seconds.
  path: Assets/Textures & Source/3DGamekitLite/Art/Animations/AvatarMasks/EllenFaceAvatarMask.mask
  artifactKey: Guid(77479e0d616e23148b57680318ec6061) Importer(815301076,1909f56bfc062723c751e8b465ee728b)
Start importing Assets/Textures & Source/3DGamekitLite/Art/Animations/AvatarMasks/EllenFaceAvatarMask.mask using Guid(77479e0d616e23148b57680318ec6061) Importer(815301076,1909f56bfc062723c751e8b465ee728b)  -> (artifact id: 'f7b7e01fb4d73bc6c5fc5931b9cc0b34') in 0.204668 seconds 
========================================================================
Received Import Request.
  Time since last request: 0.000115 seconds.
  path: Assets/Textures & Source/3DGamekitLite/Art/Animations/AvatarMasks/EllenUpperBodyAvatarMask.mask
  artifactKey: Guid(376ae134f82758b42ad2b11488c7dc82) Importer(815301076,1909f56bfc062723c751e8b465ee728b)
Start importing Assets/Textures & Source/3DGamekitLite/Art/Animations/AvatarMasks/EllenUpperBodyAvatarMask.mask using Guid(376ae134f82758b42ad2b11488c7dc82) Importer(815301076,1909f56bfc062723c751e8b465ee728b)  -> (artifact id: '7d759dc973fa97fe6529a6efe446e903') in 0.002156 seconds 
========================================================================
Received Import Request.
  Time since last request: 0.000062 seconds.
  path: Assets/Textures & Source/3DGamekitLite/Art/Animations/AvatarMasks/EllenLeanAvatarMask.mask
  artifactKey: Guid(36fac9eada586e244bd9b649210d4f94) Importer(815301076,1909f56bfc062723c751e8b465ee728b)
Start importing Assets/Textures & Source/3DGamekitLite/Art/Animations/AvatarMasks/EllenLeanAvatarMask.mask using Guid(36fac9eada586e244bd9b649210d4f94) Importer(815301076,1909f56bfc062723c751e8b465ee728b)  -> (artifact id: '4ca89b4c9f63cecbec5b7d243db081bc') in 0.001338 seconds 
========================================================================
Received Import Request.
  Time since last request: 13.175916 seconds.
  path: Assets/Textures & Source/3DGamekitLite/Art/Animations/AnimationClips/Characters/Michelle
  artifactKey: Guid(a663181dd512a47aab5c58fca578d5ed) Importer(815301076,1909f56bfc062723c751e8b465ee728b)
Start importing Assets/Textures & Source/3DGamekitLite/Art/Animations/AnimationClips/Characters/Michelle using Guid(a663181dd512a47aab5c58fca578d5ed) Importer(815301076,1909f56bfc062723c751e8b465ee728b)  -> (artifact id: 'fcebd02c12b9e89dd6aa6915c97b5c3b') in 0.000697 seconds 
========================================================================
Received Import Request.
  Time since last request: 46.271952 seconds.
  path: Assets/Resources/Animations/Character/Michelle Controller.controller
  artifactKey: Guid(b881fab90a97a42738050b113a5200fa) Importer(815301076,1909f56bfc062723c751e8b465ee728b)
Start importing Assets/Resources/Animations/Character/Michelle Controller.controller using Guid(b881fab90a97a42738050b113a5200fa) Importer(815301076,1909f56bfc062723c751e8b465ee728b)  -> (artifact id: '17f870c7a65fb5ca388fd57bf0bd32b9') in 0.080687 seconds 
========================================================================
Received Import Request.
  Time since last request: 17.475853 seconds.
  path: Assets/Resources/Animations/Character/PlayerController.controller
  artifactKey: Guid(b285ad56973924b5f9ed7af05fb38ff3) Importer(815301076,1909f56bfc062723c751e8b465ee728b)
Start importing Assets/Resources/Animations/Character/PlayerController.controller using Guid(b285ad56973924b5f9ed7af05fb38ff3) Importer(815301076,1909f56bfc062723c751e8b465ee728b)  -> (artifact id: '24f22ab5651d87f2d739813844f62233') in 0.004963 seconds 
========================================================================
Received Import Request.
  Time since last request: 7.898778 seconds.
  path: Assets/Resources/Prefabs/Player/Ellen.prefab
  artifactKey: Guid(c02d628ba75214dc48d7dae692f4d609) Importer(815301076,1909f56bfc062723c751e8b465ee728b)
Start importing Assets/Resources/Prefabs/Player/Ellen.prefab using Guid(c02d628ba75214dc48d7dae692f4d609) Importer(815301076,1909f56bfc062723c751e8b465ee728b)  -> (artifact id: 'b8f0c01553490fa4829396951786c5ba') in 0.041573 seconds 
========================================================================
Received Import Request.
  Time since last request: 969.165241 seconds.
  path: Assets/Textures & Source/3DGamekitLite/Art/Animations/AnimationClips/Characters/Michelle/@Michelle_idle.fbx
  artifactKey: Guid(f84024e82ca924c4394ce76ba25d7ae0) Importer(815301076,1909f56bfc062723c751e8b465ee728b)
Start importing Assets/Textures & Source/3DGamekitLite/Art/Animations/AnimationClips/Characters/Michelle/@Michelle_idle.fbx using Guid(f84024e82ca924c4394ce76ba25d7ae0) Importer(815301076,1909f56bfc062723c751e8b465ee728b)  -> (artifact id: '13ff3255b2e55ad746297d00842a4a4c') in 0.007097 seconds 
========================================================================
Received Import Request.
  Time since last request: 5.249444 seconds.
  path: Assets/Textures & Source/3DGamekitLite/Art/Animations/AnimationClips/Characters/Michelle/@Michelle_idle.fbx
  artifactKey: Guid(f84024e82ca924c4394ce76ba25d7ae0) Importer(815301076,1909f56bfc062723c751e8b465ee728b)
Start importing Assets/Textures & Source/3DGamekitLite/Art/Animations/AnimationClips/Characters/Michelle/@Michelle_idle.fbx using Guid(f84024e82ca924c4394ce76ba25d7ae0) Importer(815301076,1909f56bfc062723c751e8b465ee728b)  -> (artifact id: '39a52c6d56b743ea7e728100c2dc43c4') in 0.004039 seconds 
========================================================================
Received Import Request.
  Time since last request: 62.450380 seconds.
  path: Assets/Textures & Source/3DGamekitLite/Art/Animations/AnimationClips/Characters/Michelle/@Michelle_idle.fbx
  artifactKey: Guid(f84024e82ca924c4394ce76ba25d7ae0) Importer(815301076,1909f56bfc062723c751e8b465ee728b)
Start importing Assets/Textures & Source/3DGamekitLite/Art/Animations/AnimationClips/Characters/Michelle/@Michelle_idle.fbx using Guid(f84024e82ca924c4394ce76ba25d7ae0) Importer(815301076,1909f56bfc062723c751e8b465ee728b)  -> (artifact id: '0b4e059839172bd122ff7176db82b6cf') in 0.006172 seconds 
========================================================================
Received Prepare
Registering precompiled user dll's ...
Registered in 0.001156 seconds.
Begin MonoManager ReloadAssembly
Thread 0x299587000 may have been prematurely finalized
Symbol file LoadedFromMemory doesn't match image /Users/tinyprince/Desktop/Study/Unity/Toy/Client/Library/PackageCache/com.unity.visualscripting@1.7.6/Editor/VisualScripting.Core/Dependencies/YamlDotNet/Unity.VisualScripting.YamlDotNet.dll
Symbol file LoadedFromMemory doesn't match image /Users/tinyprince/Desktop/Study/Unity/Toy/Client/Library/PackageCache/com.unity.visualscripting@1.7.6/Editor/VisualScripting.Core/Dependencies/DotNetZip/Unity.VisualScripting.IonicZip.dll
Native extension for WindowsStandalone target not found
Native extension for iOS target not found
Native extension for Android target not found
Native extension for OSXStandalone target not found
Refreshing native plugins compatible for Editor in 0.41 ms, found 3 plugins.
Preloading 0 native plugins for Editor in 0.00 ms.
Mono: successfully reloaded assembly
- Completed reload, in  0.723 seconds
Domain Reload Profiling:
	ReloadAssembly (723ms)
		BeginReloadAssembly (102ms)
			ExecutionOrderSort (0ms)
			DisableScriptedObjects (3ms)
			BackupInstance (0ms)
			ReleaseScriptingObjects (0ms)
			CreateAndSetChildDomain (43ms)
		EndReloadAssembly (548ms)
			LoadAssemblies (38ms)
			RebuildTransferFunctionScriptingTraits (0ms)
			SetupTypeCache (230ms)
			ReleaseScriptCaches (2ms)
			RebuildScriptCaches (39ms)
			SetupLoadedEditorAssemblies (207ms)
				LogAssemblyErrors (0ms)
				InitializePlatformSupportModulesInManaged (20ms)
				SetLoadedEditorAssemblies (0ms)
				RefreshPlugins (0ms)
				BeforeProcessingInitializeOnLoad (43ms)
				ProcessInitializeOnLoadAttributes (129ms)
				ProcessInitializeOnLoadMethodAttributes (14ms)
				AfterProcessingInitializeOnLoad (1ms)
				EditorAssembliesLoaded (0ms)
			ExecutionOrderSort2 (0ms)
			AwakeInstancesAfterBackupRestoration (3ms)
Platform modules already initialized, skipping
Refreshing native plugins compatible for Editor in 0.82 ms, found 3 plugins.
Preloading 0 native plugins for Editor in 0.00 ms.
Unloading 3352 Unused Serialized files (Serialized files now loaded: 0)
Unloading 19 unused Assets / (73.5 KB). Loaded Objects now: 3880.
Memory consumption went from 329.8 MB to 329.7 MB.
Total: 2.590709 ms (FindLiveObjects: 0.172000 ms CreateObjectMapping: 0.048750 ms MarkObjects: 2.291459 ms  DeleteObjects: 0.076917 ms)

AssetImportParameters requested are different than current active one (requested -> active):
  custom:video-decoder-ogg-theora: a1e56fd34408186e4bbccfd4996cb3dc -> 
  custom:container-muxer-webm: aa71ff27fc2769a1b78a27578f13a17b -> 
  custom:container-demuxer-webm: 4f35f7cbe854078d1ac9338744f61a02 -> 
  custom:video-encoder-webm-vp8: eb34c28f22e8b96e1ab97ce403110664 -> 
  custom:framework-osx-AVFoundation: e770b220cccbd017edd2c1fefb359320 -> 
  custom:audio-encoder-webm-vorbis: bf7c407c2cedff20999df2af8eb42d56 -> 
  custom:container-demuxer-ogg: 62fdf1f143b41e24485cea50d1cbac27 -> 
  custom:video-decoder-webm-vp8: 9c59270c3fd7afecdb556c50c9e8de78 -> 
  custom:audio-decoder-ogg-vorbis: bf7c407c2cedff20999df2af8eb42d56 -> 
========================================================================
Received Import Request.
  Time since last request: 67.654192 seconds.
  path: Assets/Textures & Source/3DGamekitLite/Art/Textures/Environment/Cracks.tif
  artifactKey: Guid(5f15de87f870df74f88aae3eaa3ca31b) Importer(815301076,1909f56bfc062723c751e8b465ee728b)
Start importing Assets/Textures & Source/3DGamekitLite/Art/Textures/Environment/Cracks.tif using Guid(5f15de87f870df74f88aae3eaa3ca31b) Importer(815301076,1909f56bfc062723c751e8b465ee728b)  -> (artifact id: 'c11f73c642e301530801675fee7ea1b4') in 0.490211 seconds 
========================================================================
Received Import Request.
  Time since last request: 65.936263 seconds.
  path: Assets/Textures & Source/3DGamekitLite/Art/Animations/AnimationClips/Characters/Michelle/@Michelle_idle.fbx
  artifactKey: Guid(f84024e82ca924c4394ce76ba25d7ae0) Importer(815301076,1909f56bfc062723c751e8b465ee728b)
Start importing Assets/Textures & Source/3DGamekitLite/Art/Animations/AnimationClips/Characters/Michelle/@Michelle_idle.fbx using Guid(f84024e82ca924c4394ce76ba25d7ae0) Importer(815301076,1909f56bfc062723c751e8b465ee728b)  -> (artifact id: '9340b3417fb40baeb695cb6f3424b2f3') in 0.010864 seconds 
========================================================================
Received Prepare
Registering precompiled user dll's ...
Registered in 0.001164 seconds.
Begin MonoManager ReloadAssembly
Thread 0x28f99f000 may have been prematurely finalized
Symbol file LoadedFromMemory doesn't match image /Users/tinyprince/Desktop/Study/Unity/Toy/Client/Library/PackageCache/com.unity.visualscripting@1.7.6/Editor/VisualScripting.Core/Dependencies/YamlDotNet/Unity.VisualScripting.YamlDotNet.dll
Symbol file LoadedFromMemory doesn't match image /Users/tinyprince/Desktop/Study/Unity/Toy/Client/Library/PackageCache/com.unity.visualscripting@1.7.6/Editor/VisualScripting.Core/Dependencies/DotNetZip/Unity.VisualScripting.IonicZip.dll
Native extension for WindowsStandalone target not found
Native extension for iOS target not found
Native extension for Android target not found
Native extension for OSXStandalone target not found
Refreshing native plugins compatible for Editor in 0.48 ms, found 3 plugins.
Preloading 0 native plugins for Editor in 0.00 ms.
Mono: successfully reloaded assembly
- Completed reload, in  0.739 seconds
Domain Reload Profiling:
	ReloadAssembly (739ms)
		BeginReloadAssembly (95ms)
			ExecutionOrderSort (0ms)
			DisableScriptedObjects (3ms)
			BackupInstance (0ms)
			ReleaseScriptingObjects (0ms)
			CreateAndSetChildDomain (42ms)
		EndReloadAssembly (570ms)
			LoadAssemblies (34ms)
			RebuildTransferFunctionScriptingTraits (0ms)
			SetupTypeCache (233ms)
			ReleaseScriptCaches (1ms)
			RebuildScriptCaches (41ms)
			SetupLoadedEditorAssemblies (206ms)
				LogAssemblyErrors (0ms)
				InitializePlatformSupportModulesInManaged (21ms)
				SetLoadedEditorAssemblies (0ms)
				RefreshPlugins (0ms)
				BeforeProcessingInitializeOnLoad (43ms)
				ProcessInitializeOnLoadAttributes (126ms)
				ProcessInitializeOnLoadMethodAttributes (14ms)
				AfterProcessingInitializeOnLoad (1ms)
				EditorAssembliesLoaded (0ms)
			ExecutionOrderSort2 (0ms)
			AwakeInstancesAfterBackupRestoration (3ms)
Platform modules already initialized, skipping
Refreshing native plugins compatible for Editor in 0.86 ms, found 3 plugins.
Preloading 0 native plugins for Editor in 0.00 ms.
Unloading 3352 Unused Serialized files (Serialized files now loaded: 0)
Unloading 19 unused Assets / (73.5 KB). Loaded Objects now: 3884.
Memory consumption went from 334.1 MB to 334.1 MB.
Total: 2.972708 ms (FindLiveObjects: 0.287167 ms CreateObjectMapping: 0.058000 ms MarkObjects: 2.555542 ms  DeleteObjects: 0.070083 ms)

AssetImportParameters requested are different than current active one (requested -> active):
  custom:video-decoder-ogg-theora: a1e56fd34408186e4bbccfd4996cb3dc -> 
  custom:container-muxer-webm: aa71ff27fc2769a1b78a27578f13a17b -> 
  custom:container-demuxer-webm: 4f35f7cbe854078d1ac9338744f61a02 -> 
  custom:video-encoder-webm-vp8: eb34c28f22e8b96e1ab97ce403110664 -> 
  custom:framework-osx-AVFoundation: e770b220cccbd017edd2c1fefb359320 -> 
  custom:audio-encoder-webm-vorbis: bf7c407c2cedff20999df2af8eb42d56 -> 
  custom:container-demuxer-ogg: 62fdf1f143b41e24485cea50d1cbac27 -> 
  custom:video-decoder-webm-vp8: 9c59270c3fd7afecdb556c50c9e8de78 -> 
  custom:audio-decoder-ogg-vorbis: bf7c407c2cedff20999df2af8eb42d56 -> 
========================================================================
Received Import Request.
  Time since last request: 105.155913 seconds.
  path: Assets/Textures & Source/3DGamekitLite/Art/Animations/AnimationClips/Characters/Michelle/@Michelle_move.fbx
  artifactKey: Guid(ba99b819d79d34a479604880289d3e18) Importer(815301076,1909f56bfc062723c751e8b465ee728b)
Start importing Assets/Textures & Source/3DGamekitLite/Art/Animations/AnimationClips/Characters/Michelle/@Michelle_move.fbx using Guid(ba99b819d79d34a479604880289d3e18) Importer(815301076,1909f56bfc062723c751e8b465ee728b)  -> (artifact id: '5718f536c0925ad346615cb9a3e92d49') in 0.024984 seconds 
========================================================================
Received Import Request.
  Time since last request: 22.775000 seconds.
  path: Assets/Textures & Source/3DGamekitLite/Art/Animations/AnimationClips/Characters/Michelle/@Michelle_move.fbx
  artifactKey: Guid(ba99b819d79d34a479604880289d3e18) Importer(815301076,1909f56bfc062723c751e8b465ee728b)
Start importing Assets/Textures & Source/3DGamekitLite/Art/Animations/AnimationClips/Characters/Michelle/@Michelle_move.fbx using Guid(ba99b819d79d34a479604880289d3e18) Importer(815301076,1909f56bfc062723c751e8b465ee728b)  -> (artifact id: 'd8e2bb53f78b3eba60f933d12d72041c') in 0.005859 seconds 
========================================================================
Received Import Request.
  Time since last request: 100.802427 seconds.
  path: Assets/Textures & Source/3DGamekitLite/Art/Animations/AnimationClips/Characters/Michelle/@Michelle_move.fbx
  artifactKey: Guid(ba99b819d79d34a479604880289d3e18) Importer(815301076,1909f56bfc062723c751e8b465ee728b)
Start importing Assets/Textures & Source/3DGamekitLite/Art/Animations/AnimationClips/Characters/Michelle/@Michelle_move.fbx using Guid(ba99b819d79d34a479604880289d3e18) Importer(815301076,1909f56bfc062723c751e8b465ee728b)  -> (artifact id: 'b28f6728876324de3fd204773daf4200') in 0.003706 seconds 
========================================================================
Received Import Request.
  Time since last request: 8.650752 seconds.
  path: Assets/Resources/Animations/Character/Michelle Controller.controller
  artifactKey: Guid(b881fab90a97a42738050b113a5200fa) Importer(815301076,1909f56bfc062723c751e8b465ee728b)
Start importing Assets/Resources/Animations/Character/Michelle Controller.controller using Guid(b881fab90a97a42738050b113a5200fa) Importer(815301076,1909f56bfc062723c751e8b465ee728b)  -> (artifact id: 'dc8b4414b5706feb727c4d67851c6ca7') in 0.002997 seconds 
========================================================================
Received Prepare
Registering precompiled user dll's ...
Registered in 0.001156 seconds.
Begin MonoManager ReloadAssembly
Thread 0x292423000 may have been prematurely finalized
Symbol file LoadedFromMemory doesn't match image /Users/tinyprince/Desktop/Study/Unity/Toy/Client/Library/PackageCache/com.unity.visualscripting@1.7.6/Editor/VisualScripting.Core/Dependencies/YamlDotNet/Unity.VisualScripting.YamlDotNet.dll
Symbol file LoadedFromMemory doesn't match image /Users/tinyprince/Desktop/Study/Unity/Toy/Client/Library/PackageCache/com.unity.visualscripting@1.7.6/Editor/VisualScripting.Core/Dependencies/DotNetZip/Unity.VisualScripting.IonicZip.dll
Native extension for WindowsStandalone target not found
Native extension for iOS target not found
Native extension for Android target not found
Native extension for OSXStandalone target not found
Refreshing native plugins compatible for Editor in 0.70 ms, found 3 plugins.
Preloading 0 native plugins for Editor in 0.00 ms.
Mono: successfully reloaded assembly
- Completed reload, in  0.714 seconds
Domain Reload Profiling:
	ReloadAssembly (714ms)
		BeginReloadAssembly (103ms)
			ExecutionOrderSort (0ms)
			DisableScriptedObjects (3ms)
			BackupInstance (0ms)
			ReleaseScriptingObjects (0ms)
			CreateAndSetChildDomain (48ms)
		EndReloadAssembly (538ms)
			LoadAssemblies (34ms)
			RebuildTransferFunctionScriptingTraits (0ms)
			SetupTypeCache (221ms)
			ReleaseScriptCaches (1ms)
			RebuildScriptCaches (39ms)
			SetupLoadedEditorAssemblies (208ms)
				LogAssemblyErrors (0ms)
				InitializePlatformSupportModulesInManaged (21ms)
				SetLoadedEditorAssemblies (0ms)
				RefreshPlugins (1ms)
				BeforeProcessingInitializeOnLoad (44ms)
				ProcessInitializeOnLoadAttributes (127ms)
				ProcessInitializeOnLoadMethodAttributes (15ms)
				AfterProcessingInitializeOnLoad (1ms)
				EditorAssembliesLoaded (0ms)
			ExecutionOrderSort2 (0ms)
			AwakeInstancesAfterBackupRestoration (3ms)
Platform modules already initialized, skipping
Refreshing native plugins compatible for Editor in 0.93 ms, found 3 plugins.
Preloading 0 native plugins for Editor in 0.00 ms.
Unloading 3352 Unused Serialized files (Serialized files now loaded: 0)
Unloading 19 unused Assets / (73.5 KB). Loaded Objects now: 3887.
Memory consumption went from 334.4 MB to 334.3 MB.
Total: 2.163541 ms (FindLiveObjects: 0.131500 ms CreateObjectMapping: 0.064000 ms MarkObjects: 1.896125 ms  DeleteObjects: 0.071458 ms)

AssetImportParameters requested are different than current active one (requested -> active):
  custom:video-decoder-ogg-theora: a1e56fd34408186e4bbccfd4996cb3dc -> 
  custom:container-muxer-webm: aa71ff27fc2769a1b78a27578f13a17b -> 
  custom:container-demuxer-webm: 4f35f7cbe854078d1ac9338744f61a02 -> 
  custom:video-encoder-webm-vp8: eb34c28f22e8b96e1ab97ce403110664 -> 
  custom:framework-osx-AVFoundation: e770b220cccbd017edd2c1fefb359320 -> 
  custom:audio-encoder-webm-vorbis: bf7c407c2cedff20999df2af8eb42d56 -> 
  custom:container-demuxer-ogg: 62fdf1f143b41e24485cea50d1cbac27 -> 
  custom:video-decoder-webm-vp8: 9c59270c3fd7afecdb556c50c9e8de78 -> 
  custom:audio-decoder-ogg-vorbis: bf7c407c2cedff20999df2af8eb42d56 -> 
========================================================================
Received Prepare
Registering precompiled user dll's ...
Registered in 0.001232 seconds.
Begin MonoManager ReloadAssembly
Thread 0x291a47000 may have been prematurely finalized
Symbol file LoadedFromMemory doesn't match image /Users/tinyprince/Desktop/Study/Unity/Toy/Client/Library/PackageCache/com.unity.visualscripting@1.7.6/Editor/VisualScripting.Core/Dependencies/YamlDotNet/Unity.VisualScripting.YamlDotNet.dll
Symbol file LoadedFromMemory doesn't match image /Users/tinyprince/Desktop/Study/Unity/Toy/Client/Library/PackageCache/com.unity.visualscripting@1.7.6/Editor/VisualScripting.Core/Dependencies/DotNetZip/Unity.VisualScripting.IonicZip.dll
Native extension for WindowsStandalone target not found
Native extension for iOS target not found
Native extension for Android target not found
Native extension for OSXStandalone target not found
Refreshing native plugins compatible for Editor in 0.71 ms, found 3 plugins.
Preloading 0 native plugins for Editor in 0.00 ms.
Mono: successfully reloaded assembly
- Completed reload, in  0.693 seconds
Domain Reload Profiling:
	ReloadAssembly (704ms)
		BeginReloadAssembly (95ms)
			ExecutionOrderSort (0ms)
			DisableScriptedObjects (4ms)
			BackupInstance (0ms)
			ReleaseScriptingObjects (0ms)
			CreateAndSetChildDomain (39ms)
		EndReloadAssembly (539ms)
			LoadAssemblies (34ms)
			RebuildTransferFunctionScriptingTraits (0ms)
			SetupTypeCache (220ms)
			ReleaseScriptCaches (1ms)
			RebuildScriptCaches (37ms)
			SetupLoadedEditorAssemblies (205ms)
				LogAssemblyErrors (0ms)
				InitializePlatformSupportModulesInManaged (21ms)
				SetLoadedEditorAssemblies (0ms)
				RefreshPlugins (1ms)
				BeforeProcessingInitializeOnLoad (43ms)
				ProcessInitializeOnLoadAttributes (125ms)
				ProcessInitializeOnLoadMethodAttributes (14ms)
				AfterProcessingInitializeOnLoad (1ms)
				EditorAssembliesLoaded (0ms)
			ExecutionOrderSort2 (0ms)
			AwakeInstancesAfterBackupRestoration (3ms)
Platform modules already initialized, skipping
Refreshing native plugins compatible for Editor in 1.16 ms, found 3 plugins.
Preloading 0 native plugins for Editor in 0.00 ms.
Unloading 3352 Unused Serialized files (Serialized files now loaded: 0)
Unloading 19 unused Assets / (73.4 KB). Loaded Objects now: 3890.
Memory consumption went from 334.5 MB to 334.5 MB.
Total: 2.103208 ms (FindLiveObjects: 0.101792 ms CreateObjectMapping: 0.039209 ms MarkObjects: 1.890500 ms  DeleteObjects: 0.070792 ms)

AssetImportParameters requested are different than current active one (requested -> active):
  custom:video-decoder-ogg-theora: a1e56fd34408186e4bbccfd4996cb3dc -> 
  custom:container-muxer-webm: aa71ff27fc2769a1b78a27578f13a17b -> 
  custom:container-demuxer-webm: 4f35f7cbe854078d1ac9338744f61a02 -> 
  custom:video-encoder-webm-vp8: eb34c28f22e8b96e1ab97ce403110664 -> 
  custom:framework-osx-AVFoundation: e770b220cccbd017edd2c1fefb359320 -> 
  custom:audio-encoder-webm-vorbis: bf7c407c2cedff20999df2af8eb42d56 -> 
  custom:container-demuxer-ogg: 62fdf1f143b41e24485cea50d1cbac27 -> 
  custom:video-decoder-webm-vp8: 9c59270c3fd7afecdb556c50c9e8de78 -> 
  custom:audio-decoder-ogg-vorbis: bf7c407c2cedff20999df2af8eb42d56 -> 
========================================================================
Received Import Request.
  Time since last request: 130.073339 seconds.
  path: Assets/Textures & Source/3DGamekitLite/Art/Animations/AnimationClips/Characters/Michelle/@Michelle_move.fbx
  artifactKey: Guid(ba99b819d79d34a479604880289d3e18) Importer(815301076,1909f56bfc062723c751e8b465ee728b)
Start importing Assets/Textures & Source/3DGamekitLite/Art/Animations/AnimationClips/Characters/Michelle/@Michelle_move.fbx using Guid(ba99b819d79d34a479604880289d3e18) Importer(815301076,1909f56bfc062723c751e8b465ee728b)  -> (artifact id: '9bab5e6ca679200590f699b15da2be15') in 0.022900 seconds 
========================================================================
Received Import Request.
  Time since last request: 181.486069 seconds.
  path: Assets/Textures & Source/3DGamekitLite/Art/Animations/AnimationClips/Characters/Michelle/@Michelle_move.fbx
  artifactKey: Guid(ba99b819d79d34a479604880289d3e18) Importer(815301076,1909f56bfc062723c751e8b465ee728b)
Start importing Assets/Textures & Source/3DGamekitLite/Art/Animations/AnimationClips/Characters/Michelle/@Michelle_move.fbx using Guid(ba99b819d79d34a479604880289d3e18) Importer(815301076,1909f56bfc062723c751e8b465ee728b)  -> (artifact id: '35861663320c6cac15aca664077f4747') in 0.004342 seconds 
========================================================================
Received Import Request.
  Time since last request: 10.468591 seconds.
  path: Assets/Textures & Source/3DGamekitLite/Art/Animations/AnimationClips/Characters/Michelle/@Michelle_move.fbx
  artifactKey: Guid(ba99b819d79d34a479604880289d3e18) Importer(815301076,1909f56bfc062723c751e8b465ee728b)
Start importing Assets/Textures & Source/3DGamekitLite/Art/Animations/AnimationClips/Characters/Michelle/@Michelle_move.fbx using Guid(ba99b819d79d34a479604880289d3e18) Importer(815301076,1909f56bfc062723c751e8b465ee728b)  -> (artifact id: '667712f5a067c36b78b1498da15c1c39') in 0.006071 seconds 
========================================================================
Received Import Request.
  Time since last request: 160.704804 seconds.
  path: Assets/Textures & Source/3DGamekitLite/Art/Animations/AnimationClips/Characters/Michelle/@Michelle_move.fbx
  artifactKey: Guid(ba99b819d79d34a479604880289d3e18) Importer(815301076,1909f56bfc062723c751e8b465ee728b)
Start importing Assets/Textures & Source/3DGamekitLite/Art/Animations/AnimationClips/Characters/Michelle/@Michelle_move.fbx using Guid(ba99b819d79d34a479604880289d3e18) Importer(815301076,1909f56bfc062723c751e8b465ee728b)  -> (artifact id: 'e7631eb45be5c88e7e90a7299b24f1e3') in 0.005672 seconds 
========================================================================
Received Import Request.
  Time since last request: 12.257553 seconds.
  path: Assets/Textures & Source/3DGamekitLite/Art/Animations/AnimationClips/Characters/Michelle/@Michelle_move.fbx
  artifactKey: Guid(ba99b819d79d34a479604880289d3e18) Importer(815301076,1909f56bfc062723c751e8b465ee728b)
Start importing Assets/Textures & Source/3DGamekitLite/Art/Animations/AnimationClips/Characters/Michelle/@Michelle_move.fbx using Guid(ba99b819d79d34a479604880289d3e18) Importer(815301076,1909f56bfc062723c751e8b465ee728b)  -> (artifact id: '9faba31dd29370e8dd41e2e444774258') in 0.005931 seconds 
========================================================================
Received Prepare
Registering precompiled user dll's ...
Registered in 0.001131 seconds.
Begin MonoManager ReloadAssembly
Thread 0x293787000 may have been prematurely finalized
Symbol file LoadedFromMemory doesn't match image /Users/tinyprince/Desktop/Study/Unity/Toy/Client/Library/PackageCache/com.unity.visualscripting@1.7.6/Editor/VisualScripting.Core/Dependencies/YamlDotNet/Unity.VisualScripting.YamlDotNet.dll
Symbol file LoadedFromMemory doesn't match image /Users/tinyprince/Desktop/Study/Unity/Toy/Client/Library/PackageCache/com.unity.visualscripting@1.7.6/Editor/VisualScripting.Core/Dependencies/DotNetZip/Unity.VisualScripting.IonicZip.dll
Native extension for WindowsStandalone target not found
Native extension for iOS target not found
Native extension for Android target not found
Native extension for OSXStandalone target not found
Refreshing native plugins compatible for Editor in 0.40 ms, found 3 plugins.
Preloading 0 native plugins for Editor in 0.00 ms.
Mono: successfully reloaded assembly
- Completed reload, in  0.772 seconds
Domain Reload Profiling:
	ReloadAssembly (772ms)
		BeginReloadAssembly (103ms)
			ExecutionOrderSort (0ms)
			DisableScriptedObjects (3ms)
			BackupInstance (0ms)
			ReleaseScriptingObjects (0ms)
			CreateAndSetChildDomain (45ms)
		EndReloadAssembly (597ms)
			LoadAssemblies (38ms)
			RebuildTransferFunctionScriptingTraits (0ms)
			SetupTypeCache (225ms)
			ReleaseScriptCaches (1ms)
			RebuildScriptCaches (38ms)
			SetupLoadedEditorAssemblies (262ms)
				LogAssemblyErrors (0ms)
				InitializePlatformSupportModulesInManaged (75ms)
				SetLoadedEditorAssemblies (0ms)
				RefreshPlugins (0ms)
				BeforeProcessingInitializeOnLoad (43ms)
				ProcessInitializeOnLoadAttributes (127ms)
				ProcessInitializeOnLoadMethodAttributes (15ms)
				AfterProcessingInitializeOnLoad (1ms)
				EditorAssembliesLoaded (0ms)
			ExecutionOrderSort2 (0ms)
			AwakeInstancesAfterBackupRestoration (2ms)
Platform modules already initialized, skipping
Refreshing native plugins compatible for Editor in 0.90 ms, found 3 plugins.
Preloading 0 native plugins for Editor in 0.00 ms.
Unloading 3352 Unused Serialized files (Serialized files now loaded: 0)
Unloading 19 unused Assets / (73.5 KB). Loaded Objects now: 3893.
Memory consumption went from 334.7 MB to 334.6 MB.
Total: 2.862000 ms (FindLiveObjects: 0.168625 ms CreateObjectMapping: 0.047875 ms MarkObjects: 2.569375 ms  DeleteObjects: 0.075208 ms)

AssetImportParameters requested are different than current active one (requested -> active):
  custom:video-decoder-ogg-theora: a1e56fd34408186e4bbccfd4996cb3dc -> 
  custom:container-muxer-webm: aa71ff27fc2769a1b78a27578f13a17b -> 
  custom:container-demuxer-webm: 4f35f7cbe854078d1ac9338744f61a02 -> 
  custom:video-encoder-webm-vp8: eb34c28f22e8b96e1ab97ce403110664 -> 
  custom:framework-osx-AVFoundation: e770b220cccbd017edd2c1fefb359320 -> 
  custom:audio-encoder-webm-vorbis: bf7c407c2cedff20999df2af8eb42d56 -> 
  custom:container-demuxer-ogg: 62fdf1f143b41e24485cea50d1cbac27 -> 
  custom:video-decoder-webm-vp8: 9c59270c3fd7afecdb556c50c9e8de78 -> 
  custom:audio-decoder-ogg-vorbis: bf7c407c2cedff20999df2af8eb42d56 -> 
========================================================================
Received Prepare
Registering precompiled user dll's ...
Registered in 0.001410 seconds.
Begin MonoManager ReloadAssembly
Thread 0x293787000 may have been prematurely finalized
Symbol file LoadedFromMemory doesn't match image /Users/tinyprince/Desktop/Study/Unity/Toy/Client/Library/PackageCache/com.unity.visualscripting@1.7.6/Editor/VisualScripting.Core/Dependencies/YamlDotNet/Unity.VisualScripting.YamlDotNet.dll
Symbol file LoadedFromMemory doesn't match image /Users/tinyprince/Desktop/Study/Unity/Toy/Client/Library/PackageCache/com.unity.visualscripting@1.7.6/Editor/VisualScripting.Core/Dependencies/DotNetZip/Unity.VisualScripting.IonicZip.dll
Native extension for WindowsStandalone target not found
Native extension for iOS target not found
Native extension for Android target not found
Native extension for OSXStandalone target not found
Refreshing native plugins compatible for Editor in 0.90 ms, found 3 plugins.
Preloading 0 native plugins for Editor in 0.00 ms.
Mono: successfully reloaded assembly
- Completed reload, in  0.737 seconds
Domain Reload Profiling:
	ReloadAssembly (737ms)
		BeginReloadAssembly (102ms)
			ExecutionOrderSort (0ms)
			DisableScriptedObjects (4ms)
			BackupInstance (0ms)
			ReleaseScriptingObjects (0ms)
			CreateAndSetChildDomain (46ms)
		EndReloadAssembly (559ms)
			LoadAssemblies (36ms)
			RebuildTransferFunctionScriptingTraits (0ms)
			SetupTypeCache (235ms)
			ReleaseScriptCaches (1ms)
			RebuildScriptCaches (41ms)
			SetupLoadedEditorAssemblies (211ms)
				LogAssemblyErrors (0ms)
				InitializePlatformSupportModulesInManaged (24ms)
				SetLoadedEditorAssemblies (0ms)
				RefreshPlugins (1ms)
				BeforeProcessingInitializeOnLoad (43ms)
				ProcessInitializeOnLoadAttributes (127ms)
				ProcessInitializeOnLoadMethodAttributes (15ms)
				AfterProcessingInitializeOnLoad (1ms)
				EditorAssembliesLoaded (0ms)
			ExecutionOrderSort2 (0ms)
			AwakeInstancesAfterBackupRestoration (3ms)
Platform modules already initialized, skipping
Refreshing native plugins compatible for Editor in 1.47 ms, found 3 plugins.
Preloading 0 native plugins for Editor in 0.00 ms.
Unloading 3352 Unused Serialized files (Serialized files now loaded: 0)
Unloading 19 unused Assets / (73.5 KB). Loaded Objects now: 3896.
Memory consumption went from 334.9 MB to 334.8 MB.
Total: 2.127875 ms (FindLiveObjects: 0.114000 ms CreateObjectMapping: 0.040583 ms MarkObjects: 1.896708 ms  DeleteObjects: 0.075875 ms)

AssetImportParameters requested are different than current active one (requested -> active):
  custom:video-decoder-ogg-theora: a1e56fd34408186e4bbccfd4996cb3dc -> 
  custom:container-muxer-webm: aa71ff27fc2769a1b78a27578f13a17b -> 
  custom:container-demuxer-webm: 4f35f7cbe854078d1ac9338744f61a02 -> 
  custom:video-encoder-webm-vp8: eb34c28f22e8b96e1ab97ce403110664 -> 
  custom:framework-osx-AVFoundation: e770b220cccbd017edd2c1fefb359320 -> 
  custom:audio-encoder-webm-vorbis: bf7c407c2cedff20999df2af8eb42d56 -> 
  custom:container-demuxer-ogg: 62fdf1f143b41e24485cea50d1cbac27 -> 
  custom:video-decoder-webm-vp8: 9c59270c3fd7afecdb556c50c9e8de78 -> 
  custom:audio-decoder-ogg-vorbis: bf7c407c2cedff20999df2af8eb42d56 -> 
========================================================================
Received Import Request.
  Time since last request: 78.391589 seconds.
  path: Assets/Textures & Source/3DGamekitLite/Art/Animations/AnimationClips/Characters/Michelle/@Michelle_move.fbx
  artifactKey: Guid(ba99b819d79d34a479604880289d3e18) Importer(815301076,1909f56bfc062723c751e8b465ee728b)
Start importing Assets/Textures & Source/3DGamekitLite/Art/Animations/AnimationClips/Characters/Michelle/@Michelle_move.fbx using Guid(ba99b819d79d34a479604880289d3e18) Importer(815301076,1909f56bfc062723c751e8b465ee728b)  -> (artifact id: '1f32b02cc4c838989117057fbf485a5d') in 0.024019 seconds 
========================================================================
Received Prepare
Registering precompiled user dll's ...
Registered in 0.001128 seconds.
Begin MonoManager ReloadAssembly
Thread 0x293787000 may have been prematurely finalized
Symbol file LoadedFromMemory doesn't match image /Users/tinyprince/Desktop/Study/Unity/Toy/Client/Library/PackageCache/com.unity.visualscripting@1.7.6/Editor/VisualScripting.Core/Dependencies/YamlDotNet/Unity.VisualScripting.YamlDotNet.dll
Symbol file LoadedFromMemory doesn't match image /Users/tinyprince/Desktop/Study/Unity/Toy/Client/Library/PackageCache/com.unity.visualscripting@1.7.6/Editor/VisualScripting.Core/Dependencies/DotNetZip/Unity.VisualScripting.IonicZip.dll
Native extension for WindowsStandalone target not found
Native extension for iOS target not found
Native extension for Android target not found
Native extension for OSXStandalone target not found
Refreshing native plugins compatible for Editor in 0.43 ms, found 3 plugins.
Preloading 0 native plugins for Editor in 0.00 ms.
Mono: successfully reloaded assembly
- Completed reload, in  0.743 seconds
Domain Reload Profiling:
	ReloadAssembly (760ms)
		BeginReloadAssembly (103ms)
			ExecutionOrderSort (0ms)
			DisableScriptedObjects (3ms)
			BackupInstance (0ms)
			ReleaseScriptingObjects (0ms)
			CreateAndSetChildDomain (46ms)
		EndReloadAssembly (583ms)
			LoadAssemblies (39ms)
			RebuildTransferFunctionScriptingTraits (0ms)
			SetupTypeCache (233ms)
			ReleaseScriptCaches (1ms)
			RebuildScriptCaches (39ms)
			SetupLoadedEditorAssemblies (205ms)
				LogAssemblyErrors (0ms)
				InitializePlatformSupportModulesInManaged (20ms)
				SetLoadedEditorAssemblies (0ms)
				RefreshPlugins (0ms)
				BeforeProcessingInitializeOnLoad (43ms)
				ProcessInitializeOnLoadAttributes (125ms)
				ProcessInitializeOnLoadMethodAttributes (15ms)
				AfterProcessingInitializeOnLoad (1ms)
				EditorAssembliesLoaded (0ms)
			ExecutionOrderSort2 (0ms)
			AwakeInstancesAfterBackupRestoration (3ms)
Platform modules already initialized, skipping
Refreshing native plugins compatible for Editor in 1.17 ms, found 3 plugins.
Preloading 0 native plugins for Editor in 0.00 ms.
Unloading 3352 Unused Serialized files (Serialized files now loaded: 0)
Unloading 19 unused Assets / (73.5 KB). Loaded Objects now: 3899.
Memory consumption went from 335.2 MB to 335.1 MB.
Total: 1.931417 ms (FindLiveObjects: 0.132209 ms CreateObjectMapping: 0.038709 ms MarkObjects: 1.699334 ms  DeleteObjects: 0.060708 ms)

AssetImportParameters requested are different than current active one (requested -> active):
  custom:video-decoder-ogg-theora: a1e56fd34408186e4bbccfd4996cb3dc -> 
  custom:container-muxer-webm: aa71ff27fc2769a1b78a27578f13a17b -> 
  custom:container-demuxer-webm: 4f35f7cbe854078d1ac9338744f61a02 -> 
  custom:video-encoder-webm-vp8: eb34c28f22e8b96e1ab97ce403110664 -> 
  custom:framework-osx-AVFoundation: e770b220cccbd017edd2c1fefb359320 -> 
  custom:audio-encoder-webm-vorbis: bf7c407c2cedff20999df2af8eb42d56 -> 
  custom:container-demuxer-ogg: 62fdf1f143b41e24485cea50d1cbac27 -> 
  custom:video-decoder-webm-vp8: 9c59270c3fd7afecdb556c50c9e8de78 -> 
  custom:audio-decoder-ogg-vorbis: bf7c407c2cedff20999df2af8eb42d56 -> 
========================================================================
Received Prepare
Registering precompiled user dll's ...
Registered in 0.001158 seconds.
Begin MonoManager ReloadAssembly
Thread 0x293787000 may have been prematurely finalized
Symbol file LoadedFromMemory doesn't match image /Users/tinyprince/Desktop/Study/Unity/Toy/Client/Library/PackageCache/com.unity.visualscripting@1.7.6/Editor/VisualScripting.Core/Dependencies/YamlDotNet/Unity.VisualScripting.YamlDotNet.dll
Symbol file LoadedFromMemory doesn't match image /Users/tinyprince/Desktop/Study/Unity/Toy/Client/Library/PackageCache/com.unity.visualscripting@1.7.6/Editor/VisualScripting.Core/Dependencies/DotNetZip/Unity.VisualScripting.IonicZip.dll
Native extension for WindowsStandalone target not found
Native extension for iOS target not found
Native extension for Android target not found
Native extension for OSXStandalone target not found
Refreshing native plugins compatible for Editor in 0.44 ms, found 3 plugins.
Preloading 0 native plugins for Editor in 0.00 ms.
Mono: successfully reloaded assembly
- Completed reload, in  0.724 seconds
Domain Reload Profiling:
	ReloadAssembly (724ms)
		BeginReloadAssembly (102ms)
			ExecutionOrderSort (0ms)
			DisableScriptedObjects (4ms)
			BackupInstance (0ms)
			ReleaseScriptingObjects (0ms)
			CreateAndSetChildDomain (42ms)
		EndReloadAssembly (548ms)
			LoadAssemblies (39ms)
			RebuildTransferFunctionScriptingTraits (0ms)
			SetupTypeCache (232ms)
			ReleaseScriptCaches (2ms)
			RebuildScriptCaches (39ms)
			SetupLoadedEditorAssemblies (206ms)
				LogAssemblyErrors (0ms)
				InitializePlatformSupportModulesInManaged (20ms)
				SetLoadedEditorAssemblies (0ms)
				RefreshPlugins (0ms)
				BeforeProcessingInitializeOnLoad (43ms)
				ProcessInitializeOnLoadAttributes (126ms)
				ProcessInitializeOnLoadMethodAttributes (16ms)
				AfterProcessingInitializeOnLoad (1ms)
				EditorAssembliesLoaded (0ms)
			ExecutionOrderSort2 (0ms)
			AwakeInstancesAfterBackupRestoration (2ms)
Platform modules already initialized, skipping
Refreshing native plugins compatible for Editor in 1.26 ms, found 3 plugins.
Preloading 0 native plugins for Editor in 0.00 ms.
Unloading 3352 Unused Serialized files (Serialized files now loaded: 0)
Unloading 19 unused Assets / (73.4 KB). Loaded Objects now: 3902.
Memory consumption went from 335.4 MB to 335.3 MB.
Total: 2.625459 ms (FindLiveObjects: 0.120625 ms CreateObjectMapping: 0.042459 ms MarkObjects: 2.288125 ms  DeleteObjects: 0.172750 ms)

AssetImportParameters requested are different than current active one (requested -> active):
  custom:video-decoder-ogg-theora: a1e56fd34408186e4bbccfd4996cb3dc -> 
  custom:container-muxer-webm: aa71ff27fc2769a1b78a27578f13a17b -> 
  custom:container-demuxer-webm: 4f35f7cbe854078d1ac9338744f61a02 -> 
  custom:video-encoder-webm-vp8: eb34c28f22e8b96e1ab97ce403110664 -> 
  custom:framework-osx-AVFoundation: e770b220cccbd017edd2c1fefb359320 -> 
  custom:audio-encoder-webm-vorbis: bf7c407c2cedff20999df2af8eb42d56 -> 
  custom:container-demuxer-ogg: 62fdf1f143b41e24485cea50d1cbac27 -> 
  custom:video-decoder-webm-vp8: 9c59270c3fd7afecdb556c50c9e8de78 -> 
  custom:audio-decoder-ogg-vorbis: bf7c407c2cedff20999df2af8eb42d56 -> 
========================================================================
Received Prepare
Registering precompiled user dll's ...
Registered in 0.001373 seconds.
Begin MonoManager ReloadAssembly
Thread 0x293787000 may have been prematurely finalized
Symbol file LoadedFromMemory doesn't match image /Users/tinyprince/Desktop/Study/Unity/Toy/Client/Library/PackageCache/com.unity.visualscripting@1.7.6/Editor/VisualScripting.Core/Dependencies/YamlDotNet/Unity.VisualScripting.YamlDotNet.dll
Symbol file LoadedFromMemory doesn't match image /Users/tinyprince/Desktop/Study/Unity/Toy/Client/Library/PackageCache/com.unity.visualscripting@1.7.6/Editor/VisualScripting.Core/Dependencies/DotNetZip/Unity.VisualScripting.IonicZip.dll
Native extension for WindowsStandalone target not found
Native extension for iOS target not found
Native extension for Android target not found
Native extension for OSXStandalone target not found
Refreshing native plugins compatible for Editor in 0.77 ms, found 3 plugins.
Preloading 0 native plugins for Editor in 0.00 ms.
Mono: successfully reloaded assembly
- Completed reload, in  0.726 seconds
Domain Reload Profiling:
	ReloadAssembly (727ms)
		BeginReloadAssembly (104ms)
			ExecutionOrderSort (0ms)
			DisableScriptedObjects (4ms)
			BackupInstance (0ms)
			ReleaseScriptingObjects (0ms)
			CreateAndSetChildDomain (46ms)
		EndReloadAssembly (548ms)
			LoadAssemblies (37ms)
			RebuildTransferFunctionScriptingTraits (0ms)
			SetupTypeCache (232ms)
			ReleaseScriptCaches (1ms)
			RebuildScriptCaches (39ms)
			SetupLoadedEditorAssemblies (207ms)
				LogAssemblyErrors (0ms)
				InitializePlatformSupportModulesInManaged (20ms)
				SetLoadedEditorAssemblies (0ms)
				RefreshPlugins (1ms)
				BeforeProcessingInitializeOnLoad (43ms)
				ProcessInitializeOnLoadAttributes (126ms)
				ProcessInitializeOnLoadMethodAttributes (15ms)
				AfterProcessingInitializeOnLoad (1ms)
				EditorAssembliesLoaded (0ms)
			ExecutionOrderSort2 (0ms)
			AwakeInstancesAfterBackupRestoration (2ms)
Platform modules already initialized, skipping
Refreshing native plugins compatible for Editor in 1.39 ms, found 3 plugins.
Preloading 0 native plugins for Editor in 0.00 ms.
Unloading 3352 Unused Serialized files (Serialized files now loaded: 0)
Unloading 19 unused Assets / (73.5 KB). Loaded Objects now: 3905.
Memory consumption went from 335.6 MB to 335.5 MB.
Total: 1.968208 ms (FindLiveObjects: 0.109791 ms CreateObjectMapping: 0.038208 ms MarkObjects: 1.756083 ms  DeleteObjects: 0.063625 ms)

AssetImportParameters requested are different than current active one (requested -> active):
  custom:video-decoder-ogg-theora: a1e56fd34408186e4bbccfd4996cb3dc -> 
  custom:container-muxer-webm: aa71ff27fc2769a1b78a27578f13a17b -> 
  custom:container-demuxer-webm: 4f35f7cbe854078d1ac9338744f61a02 -> 
  custom:video-encoder-webm-vp8: eb34c28f22e8b96e1ab97ce403110664 -> 
  custom:framework-osx-AVFoundation: e770b220cccbd017edd2c1fefb359320 -> 
  custom:audio-encoder-webm-vorbis: bf7c407c2cedff20999df2af8eb42d56 -> 
  custom:container-demuxer-ogg: 62fdf1f143b41e24485cea50d1cbac27 -> 
  custom:video-decoder-webm-vp8: 9c59270c3fd7afecdb556c50c9e8de78 -> 
  custom:audio-decoder-ogg-vorbis: bf7c407c2cedff20999df2af8eb42d56 -> 
========================================================================
Received Prepare
Registering precompiled user dll's ...
Registered in 0.001211 seconds.
Begin MonoManager ReloadAssembly
Thread 0x293787000 may have been prematurely finalized
Symbol file LoadedFromMemory doesn't match image /Users/tinyprince/Desktop/Study/Unity/Toy/Client/Library/PackageCache/com.unity.visualscripting@1.7.6/Editor/VisualScripting.Core/Dependencies/YamlDotNet/Unity.VisualScripting.YamlDotNet.dll
Symbol file LoadedFromMemory doesn't match image /Users/tinyprince/Desktop/Study/Unity/Toy/Client/Library/PackageCache/com.unity.visualscripting@1.7.6/Editor/VisualScripting.Core/Dependencies/DotNetZip/Unity.VisualScripting.IonicZip.dll
Native extension for WindowsStandalone target not found
Native extension for iOS target not found
Native extension for Android target not found
Native extension for OSXStandalone target not found
Refreshing native plugins compatible for Editor in 0.39 ms, found 3 plugins.
Preloading 0 native plugins for Editor in 0.00 ms.
Mono: successfully reloaded assembly
- Completed reload, in  0.729 seconds
Domain Reload Profiling:
	ReloadAssembly (729ms)
		BeginReloadAssembly (100ms)
			ExecutionOrderSort (0ms)
			DisableScriptedObjects (4ms)
			BackupInstance (0ms)
			ReleaseScriptingObjects (0ms)
			CreateAndSetChildDomain (43ms)
		EndReloadAssembly (555ms)
			LoadAssemblies (37ms)
			RebuildTransferFunctionScriptingTraits (0ms)
			SetupTypeCache (233ms)
			ReleaseScriptCaches (2ms)
			RebuildScriptCaches (40ms)
			SetupLoadedEditorAssemblies (209ms)
				LogAssemblyErrors (0ms)
				InitializePlatformSupportModulesInManaged (22ms)
				SetLoadedEditorAssemblies (0ms)
				RefreshPlugins (0ms)
				BeforeProcessingInitializeOnLoad (43ms)
				ProcessInitializeOnLoadAttributes (128ms)
				ProcessInitializeOnLoadMethodAttributes (15ms)
				AfterProcessingInitializeOnLoad (1ms)
				EditorAssembliesLoaded (0ms)
			ExecutionOrderSort2 (0ms)
			AwakeInstancesAfterBackupRestoration (2ms)
Platform modules already initialized, skipping
Refreshing native plugins compatible for Editor in 1.10 ms, found 3 plugins.
Preloading 0 native plugins for Editor in 0.00 ms.
Unloading 3352 Unused Serialized files (Serialized files now loaded: 0)
Unloading 19 unused Assets / (73.5 KB). Loaded Objects now: 3908.
Memory consumption went from 335.8 MB to 335.7 MB.
Total: 2.083208 ms (FindLiveObjects: 0.130292 ms CreateObjectMapping: 0.045042 ms MarkObjects: 1.845916 ms  DeleteObjects: 0.061042 ms)

AssetImportParameters requested are different than current active one (requested -> active):
  custom:video-decoder-ogg-theora: a1e56fd34408186e4bbccfd4996cb3dc -> 
  custom:container-muxer-webm: aa71ff27fc2769a1b78a27578f13a17b -> 
  custom:container-demuxer-webm: 4f35f7cbe854078d1ac9338744f61a02 -> 
  custom:video-encoder-webm-vp8: eb34c28f22e8b96e1ab97ce403110664 -> 
  custom:framework-osx-AVFoundation: e770b220cccbd017edd2c1fefb359320 -> 
  custom:audio-encoder-webm-vorbis: bf7c407c2cedff20999df2af8eb42d56 -> 
  custom:container-demuxer-ogg: 62fdf1f143b41e24485cea50d1cbac27 -> 
  custom:video-decoder-webm-vp8: 9c59270c3fd7afecdb556c50c9e8de78 -> 
  custom:audio-decoder-ogg-vorbis: bf7c407c2cedff20999df2af8eb42d56 -> 
========================================================================
Received Import Request.
  Time since last request: 399.915129 seconds.
  path: Assets/Resources/Prefabs/Michalle.prefab
  artifactKey: Guid(4109d6ce0db904ff78c6546710aaa8af) Importer(815301076,1909f56bfc062723c751e8b465ee728b)
Start importing Assets/Resources/Prefabs/Michalle.prefab using Guid(4109d6ce0db904ff78c6546710aaa8af) Importer(815301076,1909f56bfc062723c751e8b465ee728b)  -> (artifact id: 'be78d88ecd913f1482415d9c43363736') in 0.061672 seconds 
========================================================================
Received Prepare
Registering precompiled user dll's ...
Registered in 0.001176 seconds.
Begin MonoManager ReloadAssembly
Thread 0x293787000 may have been prematurely finalized
Symbol file LoadedFromMemory doesn't match image /Users/tinyprince/Desktop/Study/Unity/Toy/Client/Library/PackageCache/com.unity.visualscripting@1.7.6/Editor/VisualScripting.Core/Dependencies/YamlDotNet/Unity.VisualScripting.YamlDotNet.dll
Symbol file LoadedFromMemory doesn't match image /Users/tinyprince/Desktop/Study/Unity/Toy/Client/Library/PackageCache/com.unity.visualscripting@1.7.6/Editor/VisualScripting.Core/Dependencies/DotNetZip/Unity.VisualScripting.IonicZip.dll
Native extension for WindowsStandalone target not found
Native extension for iOS target not found
Native extension for Android target not found
Native extension for OSXStandalone target not found
Refreshing native plugins compatible for Editor in 0.87 ms, found 3 plugins.
Preloading 0 native plugins for Editor in 0.00 ms.
Mono: successfully reloaded assembly
- Completed reload, in  0.730 seconds
Domain Reload Profiling:
	ReloadAssembly (740ms)
		BeginReloadAssembly (105ms)
			ExecutionOrderSort (0ms)
			DisableScriptedObjects (3ms)
			BackupInstance (0ms)
			ReleaseScriptingObjects (0ms)
			CreateAndSetChildDomain (47ms)
		EndReloadAssembly (561ms)
			LoadAssemblies (39ms)
			RebuildTransferFunctionScriptingTraits (0ms)
			SetupTypeCache (232ms)
			ReleaseScriptCaches (1ms)
			RebuildScriptCaches (41ms)
			SetupLoadedEditorAssemblies (208ms)
				LogAssemblyErrors (0ms)
				InitializePlatformSupportModulesInManaged (22ms)
				SetLoadedEditorAssemblies (0ms)
				RefreshPlugins (1ms)
				BeforeProcessingInitializeOnLoad (43ms)
				ProcessInitializeOnLoadAttributes (126ms)
				ProcessInitializeOnLoadMethodAttributes (16ms)
				AfterProcessingInitializeOnLoad (1ms)
				EditorAssembliesLoaded (0ms)
			ExecutionOrderSort2 (0ms)
			AwakeInstancesAfterBackupRestoration (3ms)
Platform modules already initialized, skipping
Refreshing native plugins compatible for Editor in 1.37 ms, found 3 plugins.
Preloading 0 native plugins for Editor in 0.00 ms.
Unloading 3352 Unused Serialized files (Serialized files now loaded: 0)
Unloading 19 unused Assets / (73.5 KB). Loaded Objects now: 3911.
Memory consumption went from 335.9 MB to 335.9 MB.
Total: 1.963125 ms (FindLiveObjects: 0.125291 ms CreateObjectMapping: 0.039042 ms MarkObjects: 1.736042 ms  DeleteObjects: 0.062250 ms)

AssetImportParameters requested are different than current active one (requested -> active):
  custom:video-decoder-ogg-theora: a1e56fd34408186e4bbccfd4996cb3dc -> 
  custom:container-muxer-webm: aa71ff27fc2769a1b78a27578f13a17b -> 
  custom:container-demuxer-webm: 4f35f7cbe854078d1ac9338744f61a02 -> 
  custom:video-encoder-webm-vp8: eb34c28f22e8b96e1ab97ce403110664 -> 
  custom:framework-osx-AVFoundation: e770b220cccbd017edd2c1fefb359320 -> 
  custom:audio-encoder-webm-vorbis: bf7c407c2cedff20999df2af8eb42d56 -> 
  custom:container-demuxer-ogg: 62fdf1f143b41e24485cea50d1cbac27 -> 
  custom:video-decoder-webm-vp8: 9c59270c3fd7afecdb556c50c9e8de78 -> 
  custom:audio-decoder-ogg-vorbis: bf7c407c2cedff20999df2af8eb42d56 -> 
========================================================================
Received Import Request.
  Time since last request: 29.742674 seconds.
  path: Assets/Resources/Prefabs/Player/Ellen.prefab
  artifactKey: Guid(c02d628ba75214dc48d7dae692f4d609) Importer(815301076,1909f56bfc062723c751e8b465ee728b)
Start importing Assets/Resources/Prefabs/Player/Ellen.prefab using Guid(c02d628ba75214dc48d7dae692f4d609) Importer(815301076,1909f56bfc062723c751e8b465ee728b)  -> (artifact id: 'ebcaaaa739410c08087fcaa6aab47ebb') in 0.058827 seconds 
========================================================================
Received Prepare
Registering precompiled user dll's ...
Registered in 0.001377 seconds.
Begin MonoManager ReloadAssembly
Thread 0x294b87000 may have been prematurely finalized
Symbol file LoadedFromMemory doesn't match image /Users/tinyprince/Desktop/Study/Unity/Toy/Client/Library/PackageCache/com.unity.visualscripting@1.7.6/Editor/VisualScripting.Core/Dependencies/YamlDotNet/Unity.VisualScripting.YamlDotNet.dll
Symbol file LoadedFromMemory doesn't match image /Users/tinyprince/Desktop/Study/Unity/Toy/Client/Library/PackageCache/com.unity.visualscripting@1.7.6/Editor/VisualScripting.Core/Dependencies/DotNetZip/Unity.VisualScripting.IonicZip.dll
Native extension for WindowsStandalone target not found
Native extension for iOS target not found
Native extension for Android target not found
Native extension for OSXStandalone target not found
Refreshing native plugins compatible for Editor in 0.52 ms, found 3 plugins.
Preloading 0 native plugins for Editor in 0.00 ms.
Mono: successfully reloaded assembly
- Completed reload, in  0.690 seconds
Domain Reload Profiling:
	ReloadAssembly (691ms)
		BeginReloadAssembly (92ms)
			ExecutionOrderSort (0ms)
			DisableScriptedObjects (3ms)
			BackupInstance (0ms)
			ReleaseScriptingObjects (0ms)
			CreateAndSetChildDomain (40ms)
		EndReloadAssembly (528ms)
			LoadAssemblies (34ms)
			RebuildTransferFunctionScriptingTraits (0ms)
			SetupTypeCache (221ms)
			ReleaseScriptCaches (1ms)
			RebuildScriptCaches (37ms)
			SetupLoadedEditorAssemblies (202ms)
				LogAssemblyErrors (0ms)
				InitializePlatformSupportModulesInManaged (20ms)
				SetLoadedEditorAssemblies (0ms)
				RefreshPlugins (1ms)
				BeforeProcessingInitializeOnLoad (43ms)
				ProcessInitializeOnLoadAttributes (123ms)
				ProcessInitializeOnLoadMethodAttributes (15ms)
				AfterProcessingInitializeOnLoad (1ms)
				EditorAssembliesLoaded (0ms)
			ExecutionOrderSort2 (0ms)
			AwakeInstancesAfterBackupRestoration (2ms)
Platform modules already initialized, skipping
Refreshing native plugins compatible for Editor in 0.90 ms, found 3 plugins.
Preloading 0 native plugins for Editor in 0.00 ms.
Unloading 3352 Unused Serialized files (Serialized files now loaded: 0)
Unloading 19 unused Assets / (73.6 KB). Loaded Objects now: 3914.
Memory consumption went from 336.3 MB to 336.2 MB.
Total: 2.091708 ms (FindLiveObjects: 0.114250 ms CreateObjectMapping: 0.037916 ms MarkObjects: 1.878917 ms  DeleteObjects: 0.060041 ms)

AssetImportParameters requested are different than current active one (requested -> active):
  custom:video-decoder-ogg-theora: a1e56fd34408186e4bbccfd4996cb3dc -> 
  custom:container-muxer-webm: aa71ff27fc2769a1b78a27578f13a17b -> 
  custom:container-demuxer-webm: 4f35f7cbe854078d1ac9338744f61a02 -> 
  custom:video-encoder-webm-vp8: eb34c28f22e8b96e1ab97ce403110664 -> 
  custom:framework-osx-AVFoundation: e770b220cccbd017edd2c1fefb359320 -> 
  custom:audio-encoder-webm-vorbis: bf7c407c2cedff20999df2af8eb42d56 -> 
  custom:container-demuxer-ogg: 62fdf1f143b41e24485cea50d1cbac27 -> 
  custom:video-decoder-webm-vp8: 9c59270c3fd7afecdb556c50c9e8de78 -> 
  custom:audio-decoder-ogg-vorbis: bf7c407c2cedff20999df2af8eb42d56 -> 
