Unity Editor version:    2021.2.15f1 (3b8567f665bb)
Branch:                  2021.2/release
Build type:              Release
Batch mode:              YES
macOS version:           Version 11.6.5 (Build 20G527)
Darwin version:          20.6.0
Architecture:            arm64
Running under Rosetta:   NO
Available memory:        16384 MB
Using pre-set license
Pro License: YES

COMMAND LINE ARGUMENTS:
/Applications/Unity/Hub/Editor/2021.2.15f1/Unity.app/Contents/MacOS/Unity
-adb2
-batchMode
-noUpm
-name
AssetImportWorker0
-projectPath
/Users/tinyprince/Desktop/Study/Unity/Toy/Client
-logFile
Logs/AssetImportWorker0.log
-srvPort
53656
Successfully changed project path to: /Users/tinyprince/Desktop/Study/Unity/Toy/Client
/Users/tinyprince/Desktop/Study/Unity/Toy/Client
[UnityMemory] Configuration Parameters - Can be set up in boot.config
    "memorysetup-bucket-allocator-granularity=16"
    "memorysetup-bucket-allocator-bucket-count=8"
    "memorysetup-bucket-allocator-block-size=33554432"
    "memorysetup-bucket-allocator-block-count=8"
    "memorysetup-main-allocator-block-size=16777216"
    "memorysetup-thread-allocator-block-size=16777216"
    "memorysetup-gfx-main-allocator-block-size=16777216"
    "memorysetup-gfx-thread-allocator-block-size=16777216"
    "memorysetup-cache-allocator-block-size=4194304"
    "memorysetup-typetree-allocator-block-size=2097152"
    "memorysetup-profiler-bucket-allocator-granularity=16"
    "memorysetup-profiler-bucket-allocator-bucket-count=8"
    "memorysetup-profiler-bucket-allocator-block-size=33554432"
    "memorysetup-profiler-bucket-allocator-block-count=8"
    "memorysetup-profiler-allocator-block-size=16777216"
    "memorysetup-profiler-editor-allocator-block-size=1048576"
    "memorysetup-temp-allocator-size-main=16777216"
    "memorysetup-job-temp-allocator-block-size=2097152"
    "memorysetup-job-temp-allocator-block-size-background=1048576"
    "memorysetup-job-temp-allocator-reduction-small-platforms=262144"
    "memorysetup-temp-allocator-size-background-worker=32768"
    "memorysetup-temp-allocator-size-job-worker=262144"
    "memorysetup-temp-allocator-size-preload-manager=33554432"
    "memorysetup-temp-allocator-size-nav-mesh-worker=65536"
    "memorysetup-temp-allocator-size-audio-worker=65536"
    "memorysetup-temp-allocator-size-cloud-worker=32768"
    "memorysetup-temp-allocator-size-gi-baking-worker=262144"
    "memorysetup-temp-allocator-size-gfx=262144"
Refreshing native plugins compatible for Editor in 72.08 ms, found 3 plugins.
Preloading 0 native plugins for Editor in 0.00 ms.
Initialize engine version: 2021.2.15f1 (3b8567f665bb)
[Subsystems] Discovering subsystems at path /Applications/Unity/Hub/Editor/2021.2.15f1/Unity.app/Contents/Resources/UnitySubsystems
[Subsystems] Discovering subsystems at path /Users/tinyprince/Desktop/Study/Unity/Toy/Client/Assets
GfxDevice: creating device client; threaded=0; jobified=0
 preferred device: Apple M1 (high power)
Metal devices available: 1
0: Apple M1 (high power)
Using device Apple M1 (high power)
Initializing Metal device caps: Apple M1
Initialize mono
Mono path[0] = '/Applications/Unity/Hub/Editor/2021.2.15f1/Unity.app/Contents/Managed'
Mono path[1] = '/Applications/Unity/Hub/Editor/2021.2.15f1/Unity.app/Contents/MonoBleedingEdge/lib/mono/unityjit-macos'
Mono config path = '/Applications/Unity/Hub/Editor/2021.2.15f1/Unity.app/Contents/MonoBleedingEdge/etc'
Using monoOptions --debugger-agent=transport=dt_socket,embedding=1,server=y,suspend=n,address=127.0.0.1:56827
Begin MonoManager ReloadAssembly
Registering precompiled unity dll's ...
Register platform support module: /Applications/Unity/Hub/Editor/2021.2.15f1/Unity.app/Contents/PlaybackEngines/MacStandaloneSupport/UnityEditor.OSXStandalone.Extensions.dll
Register platform support module: /Applications/Unity/Hub/Editor/2021.2.15f1/PlaybackEngines/AndroidPlayer/UnityEditor.Android.Extensions.dll
Register platform support module: /Applications/Unity/Hub/Editor/2021.2.15f1/PlaybackEngines/iOSSupport/UnityEditor.iOS.Extensions.dll
Register platform support module: /Applications/Unity/Hub/Editor/2021.2.15f1/PlaybackEngines/WindowsStandaloneSupport/UnityEditor.WindowsStandalone.Extensions.dll
Registered in 0.000935 seconds.
Native extension for WindowsStandalone target not found
[usbmuxd] Start listen thread
[usbmuxd] Listen thread started
[usbmuxd] Send listen message
Native extension for iOS target not found
Native extension for Android target not found
Native extension for OSXStandalone target not found
Refreshing native plugins compatible for Editor in 72.21 ms, found 3 plugins.
Preloading 0 native plugins for Editor in 0.00 ms.
Mono: successfully reloaded assembly
- Completed reload, in  0.444 seconds
Domain Reload Profiling:
	ReloadAssembly (444ms)
		BeginReloadAssembly (30ms)
			ExecutionOrderSort (0ms)
			DisableScriptedObjects (0ms)
			BackupInstance (0ms)
			ReleaseScriptingObjects (0ms)
			CreateAndSetChildDomain (0ms)
		EndReloadAssembly (342ms)
			LoadAssemblies (31ms)
			RebuildTransferFunctionScriptingTraits (0ms)
			SetupTypeCache (77ms)
			ReleaseScriptCaches (0ms)
			RebuildScriptCaches (19ms)
			SetupLoadedEditorAssemblies (217ms)
				LogAssemblyErrors (0ms)
				InitializePlatformSupportModulesInManaged (66ms)
				SetLoadedEditorAssemblies (0ms)
				RefreshPlugins (72ms)
				BeforeProcessingInitializeOnLoad (1ms)
				ProcessInitializeOnLoadAttributes (53ms)
				ProcessInitializeOnLoadMethodAttributes (25ms)
				AfterProcessingInitializeOnLoad (0ms)
				EditorAssembliesLoaded (0ms)
			ExecutionOrderSort2 (0ms)
			AwakeInstancesAfterBackupRestoration (0ms)
Platform modules already initialized, skipping
Registering precompiled user dll's ...
Registered in 0.001064 seconds.
Begin MonoManager ReloadAssembly
Symbol file LoadedFromMemory doesn't match image /Users/tinyprince/Desktop/Study/Unity/Toy/Client/Library/PackageCache/com.unity.visualscripting@1.7.6/Editor/VisualScripting.Core/Dependencies/YamlDotNet/Unity.VisualScripting.YamlDotNet.dll
Symbol file LoadedFromMemory doesn't match image /Users/tinyprince/Desktop/Study/Unity/Toy/Client/Library/PackageCache/com.unity.visualscripting@1.7.6/Editor/VisualScripting.Core/Dependencies/DotNetZip/Unity.VisualScripting.IonicZip.dll
Native extension for WindowsStandalone target not found
Native extension for iOS target not found
Native extension for Android target not found
Native extension for OSXStandalone target not found
Refreshing native plugins compatible for Editor in 0.47 ms, found 3 plugins.
Preloading 0 native plugins for Editor in 0.00 ms.
Mono: successfully reloaded assembly
- Completed reload, in  0.721 seconds
Domain Reload Profiling:
	ReloadAssembly (722ms)
		BeginReloadAssembly (163ms)
			ExecutionOrderSort (0ms)
			DisableScriptedObjects (3ms)
			BackupInstance (0ms)
			ReleaseScriptingObjects (0ms)
			CreateAndSetChildDomain (121ms)
		EndReloadAssembly (484ms)
			LoadAssemblies (31ms)
			RebuildTransferFunctionScriptingTraits (0ms)
			SetupTypeCache (182ms)
			ReleaseScriptCaches (0ms)
			RebuildScriptCaches (33ms)
			SetupLoadedEditorAssemblies (211ms)
				LogAssemblyErrors (0ms)
				InitializePlatformSupportModulesInManaged (15ms)
				SetLoadedEditorAssemblies (0ms)
				RefreshPlugins (0ms)
				BeforeProcessingInitializeOnLoad (55ms)
				ProcessInitializeOnLoadAttributes (125ms)
				ProcessInitializeOnLoadMethodAttributes (13ms)
				AfterProcessingInitializeOnLoad (1ms)
				EditorAssembliesLoaded (0ms)
			ExecutionOrderSort2 (0ms)
			AwakeInstancesAfterBackupRestoration (2ms)
Platform modules already initialized, skipping
========================================================================
Worker process is ready to serve import requests
Launching external process: /Applications/Unity/Hub/Editor/2021.2.15f1/Unity.app/Contents/Tools/UnityShaderCompiler
Launched and connected shader compiler UnityShaderCompiler after 0.03 seconds
Refreshing native plugins compatible for Editor in 0.43 ms, found 3 plugins.
Preloading 0 native plugins for Editor in 0.00 ms.
Unloading 3369 Unused Serialized files (Serialized files now loaded: 0)
Unloading 26 unused Assets / (97.2 KB). Loaded Objects now: 3830.
Memory consumption went from 231.6 MB to 231.5 MB.
Total: 2.110292 ms (FindLiveObjects: 0.114834 ms CreateObjectMapping: 0.040625 ms MarkObjects: 1.871083 ms  DeleteObjects: 0.083083 ms)

AssetImportParameters requested are different than current active one (requested -> active):
  custom:video-decoder-ogg-theora: a1e56fd34408186e4bbccfd4996cb3dc -> 
  custom:container-muxer-webm: aa71ff27fc2769a1b78a27578f13a17b -> 
  custom:container-demuxer-webm: 4f35f7cbe854078d1ac9338744f61a02 -> 
  custom:video-encoder-webm-vp8: eb34c28f22e8b96e1ab97ce403110664 -> 
  custom:framework-osx-AVFoundation: e770b220cccbd017edd2c1fefb359320 -> 
  custom:audio-encoder-webm-vorbis: bf7c407c2cedff20999df2af8eb42d56 -> 
  custom:container-demuxer-ogg: 62fdf1f143b41e24485cea50d1cbac27 -> 
  custom:video-decoder-webm-vp8: 9c59270c3fd7afecdb556c50c9e8de78 -> 
  custom:audio-decoder-ogg-vorbis: bf7c407c2cedff20999df2af8eb42d56 -> 
========================================================================
Received Import Request.
  Time since last request: 44085.702063 seconds.
  path: Assets/Textures & Source/3DGamekitLite/Art/Animations/AnimationClips/Characters/Ellen/@EllenRunForward.fbx
  artifactKey: Guid(591b8bf650e73d641a396d03b9f6af89) Importer(815301076,1909f56bfc062723c751e8b465ee728b)
Start importing Assets/Textures & Source/3DGamekitLite/Art/Animations/AnimationClips/Characters/Ellen/@EllenRunForward.fbx using Guid(591b8bf650e73d641a396d03b9f6af89) Importer(815301076,1909f56bfc062723c751e8b465ee728b)  -> (artifact id: '980312c49935252328633b8037be894e') in 0.408589 seconds 
========================================================================
Received Prepare
Registering precompiled user dll's ...
Registered in 0.001196 seconds.
Begin MonoManager ReloadAssembly
Thread 0x291a9f000 may have been prematurely finalized
Symbol file LoadedFromMemory doesn't match image /Users/tinyprince/Desktop/Study/Unity/Toy/Client/Library/PackageCache/com.unity.visualscripting@1.7.6/Editor/VisualScripting.Core/Dependencies/YamlDotNet/Unity.VisualScripting.YamlDotNet.dll
Symbol file LoadedFromMemory doesn't match image /Users/tinyprince/Desktop/Study/Unity/Toy/Client/Library/PackageCache/com.unity.visualscripting@1.7.6/Editor/VisualScripting.Core/Dependencies/DotNetZip/Unity.VisualScripting.IonicZip.dll
Native extension for WindowsStandalone target not found
Native extension for iOS target not found
Native extension for Android target not found
Native extension for OSXStandalone target not found
Refreshing native plugins compatible for Editor in 0.34 ms, found 3 plugins.
Preloading 0 native plugins for Editor in 0.00 ms.
Mono: successfully reloaded assembly
- Completed reload, in  0.612 seconds
Domain Reload Profiling:
	ReloadAssembly (613ms)
		BeginReloadAssembly (89ms)
			ExecutionOrderSort (0ms)
			DisableScriptedObjects (3ms)
			BackupInstance (0ms)
			ReleaseScriptingObjects (0ms)
			CreateAndSetChildDomain (37ms)
		EndReloadAssembly (461ms)
			LoadAssemblies (33ms)
			RebuildTransferFunctionScriptingTraits (0ms)
			SetupTypeCache (188ms)
			ReleaseScriptCaches (1ms)
			RebuildScriptCaches (28ms)
			SetupLoadedEditorAssemblies (184ms)
				LogAssemblyErrors (0ms)
				InitializePlatformSupportModulesInManaged (19ms)
				SetLoadedEditorAssemblies (0ms)
				RefreshPlugins (0ms)
				BeforeProcessingInitializeOnLoad (39ms)
				ProcessInitializeOnLoadAttributes (112ms)
				ProcessInitializeOnLoadMethodAttributes (12ms)
				AfterProcessingInitializeOnLoad (1ms)
				EditorAssembliesLoaded (0ms)
			ExecutionOrderSort2 (0ms)
			AwakeInstancesAfterBackupRestoration (2ms)
Platform modules already initialized, skipping
Refreshing native plugins compatible for Editor in 1.18 ms, found 3 plugins.
Preloading 0 native plugins for Editor in 0.00 ms.
Unloading 3352 Unused Serialized files (Serialized files now loaded: 0)
Unloading 19 unused Assets / (73.9 KB). Loaded Objects now: 3843.
Memory consumption went from 239.7 MB to 239.6 MB.
Total: 2.289375 ms (FindLiveObjects: 0.118291 ms CreateObjectMapping: 0.042167 ms MarkObjects: 2.059375 ms  DeleteObjects: 0.068958 ms)

AssetImportParameters requested are different than current active one (requested -> active):
  custom:video-decoder-ogg-theora: a1e56fd34408186e4bbccfd4996cb3dc -> 
  custom:container-muxer-webm: aa71ff27fc2769a1b78a27578f13a17b -> 
  custom:container-demuxer-webm: 4f35f7cbe854078d1ac9338744f61a02 -> 
  custom:video-encoder-webm-vp8: eb34c28f22e8b96e1ab97ce403110664 -> 
  custom:framework-osx-AVFoundation: e770b220cccbd017edd2c1fefb359320 -> 
  custom:audio-encoder-webm-vorbis: bf7c407c2cedff20999df2af8eb42d56 -> 
  custom:container-demuxer-ogg: 62fdf1f143b41e24485cea50d1cbac27 -> 
  custom:video-decoder-webm-vp8: 9c59270c3fd7afecdb556c50c9e8de78 -> 
  custom:audio-decoder-ogg-vorbis: bf7c407c2cedff20999df2af8eb42d56 -> 
========================================================================
Received Prepare
Registering precompiled user dll's ...
Registered in 0.001367 seconds.
Begin MonoManager ReloadAssembly
Thread 0x16f67f000 may have been prematurely finalized
Symbol file LoadedFromMemory doesn't match image /Users/tinyprince/Desktop/Study/Unity/Toy/Client/Library/PackageCache/com.unity.visualscripting@1.7.6/Editor/VisualScripting.Core/Dependencies/YamlDotNet/Unity.VisualScripting.YamlDotNet.dll
Symbol file LoadedFromMemory doesn't match image /Users/tinyprince/Desktop/Study/Unity/Toy/Client/Library/PackageCache/com.unity.visualscripting@1.7.6/Editor/VisualScripting.Core/Dependencies/DotNetZip/Unity.VisualScripting.IonicZip.dll
Native extension for WindowsStandalone target not found
Native extension for iOS target not found
Native extension for Android target not found
Native extension for OSXStandalone target not found
Refreshing native plugins compatible for Editor in 0.58 ms, found 3 plugins.
Preloading 0 native plugins for Editor in 0.00 ms.
Mono: successfully reloaded assembly
- Completed reload, in  0.625 seconds
Domain Reload Profiling:
	ReloadAssembly (625ms)
		BeginReloadAssembly (87ms)
			ExecutionOrderSort (0ms)
			DisableScriptedObjects (3ms)
			BackupInstance (0ms)
			ReleaseScriptingObjects (0ms)
			CreateAndSetChildDomain (36ms)
		EndReloadAssembly (474ms)
			LoadAssemblies (34ms)
			RebuildTransferFunctionScriptingTraits (0ms)
			SetupTypeCache (187ms)
			ReleaseScriptCaches (1ms)
			RebuildScriptCaches (31ms)
			SetupLoadedEditorAssemblies (192ms)
				LogAssemblyErrors (0ms)
				InitializePlatformSupportModulesInManaged (20ms)
				SetLoadedEditorAssemblies (0ms)
				RefreshPlugins (1ms)
				BeforeProcessingInitializeOnLoad (41ms)
				ProcessInitializeOnLoadAttributes (115ms)
				ProcessInitializeOnLoadMethodAttributes (13ms)
				AfterProcessingInitializeOnLoad (1ms)
				EditorAssembliesLoaded (0ms)
			ExecutionOrderSort2 (0ms)
			AwakeInstancesAfterBackupRestoration (2ms)
Platform modules already initialized, skipping
Refreshing native plugins compatible for Editor in 1.00 ms, found 3 plugins.
Preloading 0 native plugins for Editor in 0.00 ms.
Unloading 3352 Unused Serialized files (Serialized files now loaded: 0)
Unloading 19 unused Assets / (74.0 KB). Loaded Objects now: 3846.
Memory consumption went from 239.9 MB to 239.8 MB.
Total: 2.477042 ms (FindLiveObjects: 0.155291 ms CreateObjectMapping: 0.045042 ms MarkObjects: 2.190875 ms  DeleteObjects: 0.085000 ms)

AssetImportParameters requested are different than current active one (requested -> active):
  custom:video-decoder-ogg-theora: a1e56fd34408186e4bbccfd4996cb3dc -> 
  custom:container-muxer-webm: aa71ff27fc2769a1b78a27578f13a17b -> 
  custom:container-demuxer-webm: 4f35f7cbe854078d1ac9338744f61a02 -> 
  custom:video-encoder-webm-vp8: eb34c28f22e8b96e1ab97ce403110664 -> 
  custom:framework-osx-AVFoundation: e770b220cccbd017edd2c1fefb359320 -> 
  custom:audio-encoder-webm-vorbis: bf7c407c2cedff20999df2af8eb42d56 -> 
  custom:container-demuxer-ogg: 62fdf1f143b41e24485cea50d1cbac27 -> 
  custom:video-decoder-webm-vp8: 9c59270c3fd7afecdb556c50c9e8de78 -> 
  custom:audio-decoder-ogg-vorbis: bf7c407c2cedff20999df2af8eb42d56 -> 
========================================================================
Received Import Request.
  Time since last request: 369.110787 seconds.
  path: Assets/Textures & Source/3DGamekitLite/Art/Animations/AnimationClips/Interactables/HealthCrate_Open.anim
  artifactKey: Guid(97e6ae83ac90d28469094634d82fa04d) Importer(815301076,1909f56bfc062723c751e8b465ee728b)
Start importing Assets/Textures & Source/3DGamekitLite/Art/Animations/AnimationClips/Interactables/HealthCrate_Open.anim using Guid(97e6ae83ac90d28469094634d82fa04d) Importer(815301076,1909f56bfc062723c751e8b465ee728b)  -> (artifact id: '9d287b5fcfcc5190d05e4e42a5d3cf57') in 0.142685 seconds 
========================================================================
Received Import Request.
  Time since last request: 0.304325 seconds.
  path: Assets/Textures & Source/3DGamekitLite/Art/Animations/AnimationClips/Interactables/HealthCrate_IdleClosed.anim
  artifactKey: Guid(41b8e8ce57d7ff14f8f5bdf8ea4bd4e7) Importer(815301076,1909f56bfc062723c751e8b465ee728b)
Start importing Assets/Textures & Source/3DGamekitLite/Art/Animations/AnimationClips/Interactables/HealthCrate_IdleClosed.anim using Guid(41b8e8ce57d7ff14f8f5bdf8ea4bd4e7) Importer(815301076,1909f56bfc062723c751e8b465ee728b)  -> (artifact id: '795f1b65543c5d02c1c29ebcd121368f') in 0.002530 seconds 
========================================================================
Received Import Request.
  Time since last request: 935.197260 seconds.
  path: Assets/Textures & Source/3DGamekitLite/Art/Animations/AnimationClips/Characters/Michelle
  artifactKey: Guid(aae4cc47b73a9484b97b28fb1a84a8ea) Importer(815301076,1909f56bfc062723c751e8b465ee728b)
Start importing Assets/Textures & Source/3DGamekitLite/Art/Animations/AnimationClips/Characters/Michelle using Guid(aae4cc47b73a9484b97b28fb1a84a8ea) Importer(815301076,1909f56bfc062723c751e8b465ee728b)  -> (artifact id: 'e1a5f7ceab820a99b0ccc9a803696553') in 0.001147 seconds 
========================================================================
Received Import Request.
  Time since last request: 67.215327 seconds.
  path: Assets/Textures & Source/3DGamekitLite/Art/Animations/AnimationClips/Characters/Michelle/MICHELLE.fbx
  artifactKey: Guid(58d02d5b856964b9e919bfc504826f68) Importer(815301076,1909f56bfc062723c751e8b465ee728b)
Start importing Assets/Textures & Source/3DGamekitLite/Art/Animations/AnimationClips/Characters/Michelle/MICHELLE.fbx using Guid(58d02d5b856964b9e919bfc504826f68) Importer(815301076,1909f56bfc062723c751e8b465ee728b)  -> (artifact id: '13eb3b8f589114aab953c30c3a165422') in 0.070199 seconds 
========================================================================
Received Import Request.
  Time since last request: 87.501316 seconds.
  path: Assets/Textures & Source/3DGamekitLite/Art/Animations/AnimationClips/Characters/Ch03_nonPBR.fbx
  artifactKey: Guid(56ebdbdfffc074cee8448e3d95423a35) Importer(815301076,1909f56bfc062723c751e8b465ee728b)
Start importing Assets/Textures & Source/3DGamekitLite/Art/Animations/AnimationClips/Characters/Ch03_nonPBR.fbx using Guid(56ebdbdfffc074cee8448e3d95423a35) Importer(815301076,1909f56bfc062723c751e8b465ee728b)  -> (artifact id: '6dbf577cf564aac9bb99b41b46c33e47') in 0.036824 seconds 
========================================================================
Received Import Request.
  Time since last request: 41.217205 seconds.
  path: Assets/Textures & Source/3DGamekitLite/Art/Materials/Interactables/Acid.mat
  artifactKey: Guid(200ee9888db3e7145a31185ba6a0bdf2) Importer(815301076,1909f56bfc062723c751e8b465ee728b)
Start importing Assets/Textures & Source/3DGamekitLite/Art/Materials/Interactables/Acid.mat using Guid(200ee9888db3e7145a31185ba6a0bdf2) Importer(815301076,1909f56bfc062723c751e8b465ee728b)  -> (artifact id: 'bee483e883deffa7c78b7ab3cae1893e') in 0.398292 seconds 
========================================================================
Received Import Request.
  Time since last request: 0.000062 seconds.
  path: Assets/Textures & Source/3DGamekitLite/Art/Materials/Effects/AcidParticles.mat
  artifactKey: Guid(4ae7638f334b82644a9c3755ec4a1c73) Importer(815301076,1909f56bfc062723c751e8b465ee728b)
Start importing Assets/Textures & Source/3DGamekitLite/Art/Materials/Effects/AcidParticles.mat using Guid(4ae7638f334b82644a9c3755ec4a1c73) Importer(815301076,1909f56bfc062723c751e8b465ee728b)  -> (artifact id: '97280b741766973ce577b7797be2f4a1') in 0.049548 seconds 
========================================================================
Received Import Request.
  Time since last request: 0.000038 seconds.
  path: Assets/Textures & Source/3DGamekitLite/Art/Materials/Interactables/Crystal.mat
  artifactKey: Guid(df0772d96ef59654380a0090bf20a11a) Importer(815301076,1909f56bfc062723c751e8b465ee728b)
Start importing Assets/Textures & Source/3DGamekitLite/Art/Materials/Interactables/Crystal.mat using Guid(df0772d96ef59654380a0090bf20a11a) Importer(815301076,1909f56bfc062723c751e8b465ee728b)  -> (artifact id: '99d6c1c97d6adf6bf8dc376ce6516596') in 0.010854 seconds 
========================================================================
Received Import Request.
  Time since last request: 0.000049 seconds.
  path: Assets/Textures & Source/3DGamekitLite/Art/Materials/Effects/BoxDebris.mat
  artifactKey: Guid(3930d7b21ea60ef4d999115dbc45e8b4) Importer(815301076,1909f56bfc062723c751e8b465ee728b)
Start importing Assets/Textures & Source/3DGamekitLite/Art/Materials/Effects/BoxDebris.mat using Guid(3930d7b21ea60ef4d999115dbc45e8b4) Importer(815301076,1909f56bfc062723c751e8b465ee728b)  -> (artifact id: 'c1cdbdd9f9dfa55c2254f96db0aee8dd') in 0.005184 seconds 
========================================================================
Received Import Request.
  Time since last request: 0.000071 seconds.
  path: Assets/Textures & Source/3DGamekitLite/Art/Materials/Characters/Chomper/Chomper_Body_Mat.mat
  artifactKey: Guid(dad26cc8af5eca141b973d06942e6efb) Importer(815301076,1909f56bfc062723c751e8b465ee728b)
Start importing Assets/Textures & Source/3DGamekitLite/Art/Materials/Characters/Chomper/Chomper_Body_Mat.mat using Guid(dad26cc8af5eca141b973d06942e6efb) Importer(815301076,1909f56bfc062723c751e8b465ee728b)  -> (artifact id: 'b136330e9c983c81e11309fe051f835d') in 0.027557 seconds 
========================================================================
Received Import Request.
  Time since last request: 5.787215 seconds.
  path: Assets/Textures & Source/3DGamekitLite/Art/Animations/AnimationClips/Characters/Michelle/MICHELLE.fbx
  artifactKey: Guid(58d02d5b856964b9e919bfc504826f68) Importer(815301076,1909f56bfc062723c751e8b465ee728b)
Start importing Assets/Textures & Source/3DGamekitLite/Art/Animations/AnimationClips/Characters/Michelle/MICHELLE.fbx using Guid(58d02d5b856964b9e919bfc504826f68) Importer(815301076,1909f56bfc062723c751e8b465ee728b)  -> (artifact id: '1f2b2ab51e59561ca8c093e3a98ba8f9') in 0.021179 seconds 
========================================================================
Received Import Request.
  Time since last request: 1.281933 seconds.
  path: Assets/Textures & Source/3DGamekitLite/Art/Materials/Interactables/CrystalActive.mat
  artifactKey: Guid(88bd03dac51a8994685638d905c4edcb) Importer(815301076,1909f56bfc062723c751e8b465ee728b)
Start importing Assets/Textures & Source/3DGamekitLite/Art/Materials/Interactables/CrystalActive.mat using Guid(88bd03dac51a8994685638d905c4edcb) Importer(815301076,1909f56bfc062723c751e8b465ee728b)  -> (artifact id: '5f7714e90b781815c9fc31a45ec37d64') in 0.010361 seconds 
========================================================================
Received Import Request.
  Time since last request: 2.429038 seconds.
  path: Assets/Textures & Source/3DGamekitLite/Art/Materials/Interactables/DestructableBox.mat
  artifactKey: Guid(70bbbafb8fc3c5142b21f29a35510495) Importer(815301076,1909f56bfc062723c751e8b465ee728b)
Start importing Assets/Textures & Source/3DGamekitLite/Art/Materials/Interactables/DestructableBox.mat using Guid(70bbbafb8fc3c5142b21f29a35510495) Importer(815301076,1909f56bfc062723c751e8b465ee728b)  -> (artifact id: '1e832d5aefc756ce40174f1f81a4703a') in 0.015566 seconds 
========================================================================
Received Import Request.
  Time since last request: 0.575015 seconds.
  path: Assets/Textures & Source/3DGamekitLite/Art/Materials/Interactables/Door.mat
  artifactKey: Guid(86760222214270d469faea8c356cc4f9) Importer(815301076,1909f56bfc062723c751e8b465ee728b)
Start importing Assets/Textures & Source/3DGamekitLite/Art/Materials/Interactables/Door.mat using Guid(86760222214270d469faea8c356cc4f9) Importer(815301076,1909f56bfc062723c751e8b465ee728b)  -> (artifact id: '269351b2ec8468a797c2b94c15cc5a96') in 0.017977 seconds 
========================================================================
Received Import Request.
  Time since last request: 3.687958 seconds.
  path: Assets/Textures & Source/3DGamekitLite/Art/Animations/AnimationClips/Characters/Michelle/MICHELLE.fbx
  artifactKey: Guid(58d02d5b856964b9e919bfc504826f68) Importer(815301076,1909f56bfc062723c751e8b465ee728b)
Start importing Assets/Textures & Source/3DGamekitLite/Art/Animations/AnimationClips/Characters/Michelle/MICHELLE.fbx using Guid(58d02d5b856964b9e919bfc504826f68) Importer(815301076,1909f56bfc062723c751e8b465ee728b)  -> (artifact id: '8cf28d45aa12ec6466be801214ab00ce') in 0.025220 seconds 
========================================================================
Received Import Request.
  Time since last request: 2.281333 seconds.
  path: Assets/Textures & Source/3DGamekitLite/Art/Materials/Effects/Characters/Ellen/Ellen_Body_Respawn_Mat.mat
  artifactKey: Guid(cd5081c8394c64043959b5343ab41b48) Importer(815301076,1909f56bfc062723c751e8b465ee728b)
Start importing Assets/Textures & Source/3DGamekitLite/Art/Materials/Effects/Characters/Ellen/Ellen_Body_Respawn_Mat.mat using Guid(cd5081c8394c64043959b5343ab41b48) Importer(815301076,1909f56bfc062723c751e8b465ee728b)  -> (artifact id: '7a9f5399a5b73e8171911c4d53f04f2e') in 0.293837 seconds 
========================================================================
Received Import Request.
  Time since last request: 0.162122 seconds.
  path: Assets/Textures & Source/3DGamekitLite/Art/Materials/Interactables/HealthCrate.mat
  artifactKey: Guid(22b2ccd5ff7443c45826207673523173) Importer(815301076,1909f56bfc062723c751e8b465ee728b)
Start importing Assets/Textures & Source/3DGamekitLite/Art/Materials/Interactables/HealthCrate.mat using Guid(22b2ccd5ff7443c45826207673523173) Importer(815301076,1909f56bfc062723c751e8b465ee728b)  -> (artifact id: '3c5067cdd27a748199dde3db7c96f17f') in 0.009698 seconds 
========================================================================
Received Import Request.
  Time since last request: 0.134573 seconds.
  path: Assets/Textures & Source/3DGamekitLite/Art/Materials/Interactables/HealthCrateInactive.mat
  artifactKey: Guid(17a74306442c58a4bbc1dce364a20d8a) Importer(815301076,1909f56bfc062723c751e8b465ee728b)
Start importing Assets/Textures & Source/3DGamekitLite/Art/Materials/Interactables/HealthCrateInactive.mat using Guid(17a74306442c58a4bbc1dce364a20d8a) Importer(815301076,1909f56bfc062723c751e8b465ee728b)  -> (artifact id: '5720943ff1c0e27d3844a6c7c997943c') in 0.008462 seconds 
========================================================================
Received Import Request.
  Time since last request: 1.543553 seconds.
  path: Assets/Textures & Source/3DGamekitLite/Art/Materials/Interactables/InteractableDefault.mat
  artifactKey: Guid(800b24209f6d71b4b8052577c60d3606) Importer(815301076,1909f56bfc062723c751e8b465ee728b)
Start importing Assets/Textures & Source/3DGamekitLite/Art/Materials/Interactables/InteractableDefault.mat using Guid(800b24209f6d71b4b8052577c60d3606) Importer(815301076,1909f56bfc062723c751e8b465ee728b)  -> (artifact id: '92f53ed26b2d0ec9ec59ea88bb723824') in 0.012901 seconds 
========================================================================
Received Import Request.
  Time since last request: 0.202865 seconds.
  path: Assets/Textures & Source/3DGamekitLite/Art/Materials/Effects/Particle_Trail_Mat.mat
  artifactKey: Guid(fff934583a5bbd74d88f71ba52a91af8) Importer(815301076,1909f56bfc062723c751e8b465ee728b)
Start importing Assets/Textures & Source/3DGamekitLite/Art/Materials/Effects/Particle_Trail_Mat.mat using Guid(fff934583a5bbd74d88f71ba52a91af8) Importer(815301076,1909f56bfc062723c751e8b465ee728b)  -> (artifact id: '819db0f7688c3c53fd168f435e55b3a9') in 0.065118 seconds 
========================================================================
Received Import Request.
  Time since last request: 0.418401 seconds.
  path: Assets/Textures & Source/3DGamekitLite/Art/Materials/Interactables/PressurePad.mat
  artifactKey: Guid(f1f0c8df45219aa47b3e73e4c7a05b5e) Importer(815301076,1909f56bfc062723c751e8b465ee728b)
Start importing Assets/Textures & Source/3DGamekitLite/Art/Materials/Interactables/PressurePad.mat using Guid(f1f0c8df45219aa47b3e73e4c7a05b5e) Importer(815301076,1909f56bfc062723c751e8b465ee728b)  -> (artifact id: '4de8d05364388bf0f274e3e0d5f32c90') in 0.013946 seconds 
========================================================================
Received Import Request.
  Time since last request: 0.029261 seconds.
  path: Assets/Textures & Source/3DGamekitLite/Art/Materials/Effects/Characters/Ellen/Respawn_Particle_Mat.mat
  artifactKey: Guid(b86bedba3016387469ab3ac227a45992) Importer(815301076,1909f56bfc062723c751e8b465ee728b)
Start importing Assets/Textures & Source/3DGamekitLite/Art/Materials/Effects/Characters/Ellen/Respawn_Particle_Mat.mat using Guid(b86bedba3016387469ab3ac227a45992) Importer(815301076,1909f56bfc062723c751e8b465ee728b)  -> (artifact id: 'f5f6b43e4b81cbabb9bb80e742338b0c') in 0.013965 seconds 
========================================================================
Received Import Request.
  Time since last request: 0.059240 seconds.
  path: Assets/Textures & Source/3DGamekitLite/Art/Materials/Effects/Characters/Spitter/Spitter_Acid_Particle_Mat.mat
  artifactKey: Guid(6bf795c07ada0594f8f064dd364759dc) Importer(815301076,1909f56bfc062723c751e8b465ee728b)
Start importing Assets/Textures & Source/3DGamekitLite/Art/Materials/Effects/Characters/Spitter/Spitter_Acid_Particle_Mat.mat using Guid(6bf795c07ada0594f8f064dd364759dc) Importer(815301076,1909f56bfc062723c751e8b465ee728b)  -> (artifact id: '269fedc1ce3cbeb1a36ee746ffaa63e5') in 1.168904 seconds 
========================================================================
Received Import Request.
  Time since last request: 0.251914 seconds.
  path: Assets/Textures & Source/3DGamekitLite/Art/Materials/Effects/Characters/Spitter/Spitter_Projectile_Mat.mat
  artifactKey: Guid(6f4f80c58fd00ff43939f8bd6c158967) Importer(815301076,1909f56bfc062723c751e8b465ee728b)
Start importing Assets/Textures & Source/3DGamekitLite/Art/Materials/Effects/Characters/Spitter/Spitter_Projectile_Mat.mat using Guid(6f4f80c58fd00ff43939f8bd6c158967) Importer(815301076,1909f56bfc062723c751e8b465ee728b)  -> (artifact id: '825ae7d0af244d92da270d824f6c6368') in 0.010880 seconds 
========================================================================
Received Import Request.
  Time since last request: 0.027413 seconds.
  path: Assets/Textures & Source/3DGamekitLite/Art/Materials/Effects/Characters/Ellen/Staff_Hit_Particle_02_Mat.mat
  artifactKey: Guid(0f4efccdf378e6147af35229e90f220f) Importer(815301076,1909f56bfc062723c751e8b465ee728b)
Start importing Assets/Textures & Source/3DGamekitLite/Art/Materials/Effects/Characters/Ellen/Staff_Hit_Particle_02_Mat.mat using Guid(0f4efccdf378e6147af35229e90f220f) Importer(815301076,1909f56bfc062723c751e8b465ee728b)  -> (artifact id: 'b78ac14e477e81046f4d41f79f5b8822') in 0.185416 seconds 
========================================================================
Received Import Request.
  Time since last request: 0.260979 seconds.
  path: Assets/Textures & Source/3DGamekitLite/Art/Materials/Effects/Characters/Ellen/Staff_Particle_Mat.mat
  artifactKey: Guid(b5c5f3cd82bfc524f94fff54f79e4010) Importer(815301076,1909f56bfc062723c751e8b465ee728b)
Start importing Assets/Textures & Source/3DGamekitLite/Art/Materials/Effects/Characters/Ellen/Staff_Particle_Mat.mat using Guid(b5c5f3cd82bfc524f94fff54f79e4010) Importer(815301076,1909f56bfc062723c751e8b465ee728b)  -> (artifact id: '8a6c710416aedcb7a5805846338e789e') in 0.018426 seconds 
========================================================================
Received Import Request.
  Time since last request: 7.019313 seconds.
  path: Assets/Textures & Source/3DGamekitLite/Art/Animations/AnimationClips/Characters/Michelle/MICHELLE.fbx
  artifactKey: Guid(58d02d5b856964b9e919bfc504826f68) Importer(815301076,1909f56bfc062723c751e8b465ee728b)
Start importing Assets/Textures & Source/3DGamekitLite/Art/Animations/AnimationClips/Characters/Michelle/MICHELLE.fbx using Guid(58d02d5b856964b9e919bfc504826f68) Importer(815301076,1909f56bfc062723c751e8b465ee728b)  -> (artifact id: '6e758eaf4c71c0f7880b94cce59f76b0') in 0.027456 seconds 
========================================================================
Received Import Request.
  Time since last request: 13.034219 seconds.
  path: Assets/Textures & Source/3DGamekitLite/Art/Animations/AnimationClips/Characters/Michelle/MICHELLE.fbx
  artifactKey: Guid(58d02d5b856964b9e919bfc504826f68) Importer(815301076,1909f56bfc062723c751e8b465ee728b)
Start importing Assets/Textures & Source/3DGamekitLite/Art/Animations/AnimationClips/Characters/Michelle/MICHELLE.fbx using Guid(58d02d5b856964b9e919bfc504826f68) Importer(815301076,1909f56bfc062723c751e8b465ee728b)  -> (artifact id: '27441a7ec455ce7f4a6a250cfb05ac49') in 0.027451 seconds 
========================================================================
Received Import Request.
  Time since last request: 10.000865 seconds.
  path: Assets/Textures & Source/3DGamekitLite/Art/Animations/AnimationClips/Characters/Michelle/MICHELLE.fbx
  artifactKey: Guid(58d02d5b856964b9e919bfc504826f68) Importer(815301076,1909f56bfc062723c751e8b465ee728b)
Start importing Assets/Textures & Source/3DGamekitLite/Art/Animations/AnimationClips/Characters/Michelle/MICHELLE.fbx using Guid(58d02d5b856964b9e919bfc504826f68) Importer(815301076,1909f56bfc062723c751e8b465ee728b)  -> (artifact id: '4740a392316ca8d6019e109dd8615a7e') in 0.032292 seconds 
========================================================================
Received Import Request.
  Time since last request: 6.962213 seconds.
  path: Assets/Textures & Source/3DGamekitLite/Art/Animations/AnimationClips/Characters/Michelle/MICHELLE.fbx
  artifactKey: Guid(58d02d5b856964b9e919bfc504826f68) Importer(815301076,1909f56bfc062723c751e8b465ee728b)
Start importing Assets/Textures & Source/3DGamekitLite/Art/Animations/AnimationClips/Characters/Michelle/MICHELLE.fbx using Guid(58d02d5b856964b9e919bfc504826f68) Importer(815301076,1909f56bfc062723c751e8b465ee728b)  -> (artifact id: '6508df7ac19876ec8cad70ed477964e8') in 0.035370 seconds 
========================================================================
Received Import Request.
  Time since last request: 39.478457 seconds.
  path: Assets/Textures & Source/3DGamekitLite/Art/Animations/AnimationClips/Characters/Michelle/MICHELLE.fbx
  artifactKey: Guid(58d02d5b856964b9e919bfc504826f68) Importer(815301076,1909f56bfc062723c751e8b465ee728b)
Start importing Assets/Textures & Source/3DGamekitLite/Art/Animations/AnimationClips/Characters/Michelle/MICHELLE.fbx using Guid(58d02d5b856964b9e919bfc504826f68) Importer(815301076,1909f56bfc062723c751e8b465ee728b)  -> (artifact id: '85c90b8d50b3f812ee651f175b816180') in 0.027872 seconds 
========================================================================
Received Import Request.
  Time since last request: 15.598199 seconds.
  path: Assets/Textures & Source/3DGamekitLite/Art/Animations/AnimationClips/Characters/Michelle/MICHELLE.fbx
  artifactKey: Guid(58d02d5b856964b9e919bfc504826f68) Importer(815301076,1909f56bfc062723c751e8b465ee728b)
Start importing Assets/Textures & Source/3DGamekitLite/Art/Animations/AnimationClips/Characters/Michelle/MICHELLE.fbx using Guid(58d02d5b856964b9e919bfc504826f68) Importer(815301076,1909f56bfc062723c751e8b465ee728b)  -> (artifact id: 'a4cdfcfa1640aa723088280c86e77a58') in 0.031051 seconds 
========================================================================
Received Import Request.
  Time since last request: 8.231201 seconds.
  path: Assets/Textures & Source/3DGamekitLite/Art/Animations/AnimationClips/Characters/Michelle/MICHELLE.fbx
  artifactKey: Guid(58d02d5b856964b9e919bfc504826f68) Importer(815301076,1909f56bfc062723c751e8b465ee728b)
Start importing Assets/Textures & Source/3DGamekitLite/Art/Animations/AnimationClips/Characters/Michelle/MICHELLE.fbx using Guid(58d02d5b856964b9e919bfc504826f68) Importer(815301076,1909f56bfc062723c751e8b465ee728b)  -> (artifact id: '56fa2a0d673ef83d348947967d8b21c1') in 0.025264 seconds 
========================================================================
Received Import Request.
  Time since last request: 9.185978 seconds.
  path: Assets/Textures & Source/3DGamekitLite/Art/Animations/AnimationClips/Characters/Michelle/MICHELLE.fbx
  artifactKey: Guid(58d02d5b856964b9e919bfc504826f68) Importer(815301076,1909f56bfc062723c751e8b465ee728b)
Start importing Assets/Textures & Source/3DGamekitLite/Art/Animations/AnimationClips/Characters/Michelle/MICHELLE.fbx using Guid(58d02d5b856964b9e919bfc504826f68) Importer(815301076,1909f56bfc062723c751e8b465ee728b)  -> (artifact id: 'eb7f78c9d2eaf7a43fceab365895b8ea') in 0.031458 seconds 
========================================================================
Received Import Request.
  Time since last request: 42.581590 seconds.
  path: Assets/Textures & Source/3DGamekitLite/Art/Animations/AnimationClips/Characters/Michelle/MICHELLE.fbx
  artifactKey: Guid(58d02d5b856964b9e919bfc504826f68) Importer(815301076,1909f56bfc062723c751e8b465ee728b)
Start importing Assets/Textures & Source/3DGamekitLite/Art/Animations/AnimationClips/Characters/Michelle/MICHELLE.fbx using Guid(58d02d5b856964b9e919bfc504826f68) Importer(815301076,1909f56bfc062723c751e8b465ee728b)  -> (artifact id: '8d309b52f8fe30490a34d00afc2490ab') in 0.030995 seconds 
========================================================================
Received Import Request.
  Time since last request: 18.063155 seconds.
  path: Assets/Textures & Source/3DGamekitLite/Art/Animations/AnimationClips/Characters/Michelle/MICHELLE.fbx
  artifactKey: Guid(58d02d5b856964b9e919bfc504826f68) Importer(815301076,1909f56bfc062723c751e8b465ee728b)
Start importing Assets/Textures & Source/3DGamekitLite/Art/Animations/AnimationClips/Characters/Michelle/MICHELLE.fbx using Guid(58d02d5b856964b9e919bfc504826f68) Importer(815301076,1909f56bfc062723c751e8b465ee728b)  -> (artifact id: '101fa18c10668cf9bc61b64dd99d413e') in 0.025487 seconds 
========================================================================
Received Import Request.
  Time since last request: 72.665995 seconds.
  path: Assets/Textures & Source/3DGamekitLite/Art/Models/Ch03_nonPBR.fbx
  artifactKey: Guid(da1061998e5b04f68b5700acb1e51339) Importer(815301076,1909f56bfc062723c751e8b465ee728b)
Start importing Assets/Textures & Source/3DGamekitLite/Art/Models/Ch03_nonPBR.fbx using Guid(da1061998e5b04f68b5700acb1e51339) Importer(815301076,1909f56bfc062723c751e8b465ee728b)  -> (artifact id: '8cf813610fe64c96ca14346317e38004') in 0.029735 seconds 
========================================================================
Received Import Request.
  Time since last request: 51.394762 seconds.
  path: Assets/Textures & Source/3DGamekitLite/Art/Models/Ch03_nonPBR (1).fbx
  artifactKey: Guid(fc583f7514e0d4e21b8593c8ed65e9cf) Importer(815301076,1909f56bfc062723c751e8b465ee728b)
Start importing Assets/Textures & Source/3DGamekitLite/Art/Models/Ch03_nonPBR (1).fbx using Guid(fc583f7514e0d4e21b8593c8ed65e9cf) Importer(815301076,1909f56bfc062723c751e8b465ee728b)  -> (artifact id: 'fa7c0cc465f56b61024eec9bcf6007a3') in 0.038438 seconds 
========================================================================
Received Import Request.
  Time since last request: 413.434354 seconds.
  path: Assets/Textures & Source/3DGamekitLite/Art/Models/Characters/Ch09_nonPBR.fbx
  artifactKey: Guid(f5b8ceb2fc5b146aca929434e0fd01f3) Importer(815301076,1909f56bfc062723c751e8b465ee728b)
Start importing Assets/Textures & Source/3DGamekitLite/Art/Models/Characters/Ch09_nonPBR.fbx using Guid(f5b8ceb2fc5b146aca929434e0fd01f3) Importer(815301076,1909f56bfc062723c751e8b465ee728b)  -> (artifact id: '313a5a6ca2a84b43b6c673274138232d') in 0.033568 seconds 
========================================================================
Received Import Request.
  Time since last request: 93.634763 seconds.
  path: Assets/Textures & Source/3DGamekitLite/Art/Models/Characters/Ch03_nonPBR@Idle.fbx
  artifactKey: Guid(e9bbc519d535a4fa19777dac36eb54ab) Importer(815301076,1909f56bfc062723c751e8b465ee728b)
Start importing Assets/Textures & Source/3DGamekitLite/Art/Models/Characters/Ch03_nonPBR@Idle.fbx using Guid(e9bbc519d535a4fa19777dac36eb54ab) Importer(815301076,1909f56bfc062723c751e8b465ee728b)  -> (artifact id: '241258045b27ed4aa5bb5ee29c7a99dd') in 0.039139 seconds 
========================================================================
Received Import Request.
  Time since last request: 10.752564 seconds.
  path: Assets/Textures & Source/3DGamekitLite/Art/Models/Characters/Ch03_nonPBR@Idle.fbx
  artifactKey: Guid(e9bbc519d535a4fa19777dac36eb54ab) Importer(815301076,1909f56bfc062723c751e8b465ee728b)
Start importing Assets/Textures & Source/3DGamekitLite/Art/Models/Characters/Ch03_nonPBR@Idle.fbx using Guid(e9bbc519d535a4fa19777dac36eb54ab) Importer(815301076,1909f56bfc062723c751e8b465ee728b)  -> (artifact id: 'd6a4ca437eb58cb9ac41b2d204439fd1') in 0.029592 seconds 
========================================================================
Received Import Request.
  Time since last request: 41.965453 seconds.
  path: Assets/Textures & Source/3DGamekitLite/Art/Models/Characters/Ch03_nonPBR@Idle.fbx
  artifactKey: Guid(e9bbc519d535a4fa19777dac36eb54ab) Importer(815301076,1909f56bfc062723c751e8b465ee728b)
Start importing Assets/Textures & Source/3DGamekitLite/Art/Models/Characters/Ch03_nonPBR@Idle.fbx using Guid(e9bbc519d535a4fa19777dac36eb54ab) Importer(815301076,1909f56bfc062723c751e8b465ee728b)  -> (artifact id: 'a7c435e84c5ee25d0df59e40be6d837d') in 0.030204 seconds 
========================================================================
Received Import Request.
  Time since last request: 26.791182 seconds.
  path: Assets/Textures & Source/3DGamekitLite/Art/Models/Characters/Ellen
  artifactKey: Guid(49bf476a20a81e54a931d00584b09472) Importer(815301076,1909f56bfc062723c751e8b465ee728b)
Start importing Assets/Textures & Source/3DGamekitLite/Art/Models/Characters/Ellen using Guid(49bf476a20a81e54a931d00584b09472) Importer(815301076,1909f56bfc062723c751e8b465ee728b)  -> (artifact id: 'b1ac864a37b5c920bcd6edaa48077d11') in 0.001149 seconds 
========================================================================
Received Import Request.
  Time since last request: 69.861661 seconds.
  path: Assets/Textures & Source/3DGamekitLite/Art/Models/Characters/Ch03_nonPBR@Idle.fbx
  artifactKey: Guid(e9bbc519d535a4fa19777dac36eb54ab) Importer(815301076,1909f56bfc062723c751e8b465ee728b)
Start importing Assets/Textures & Source/3DGamekitLite/Art/Models/Characters/Ch03_nonPBR@Idle.fbx using Guid(e9bbc519d535a4fa19777dac36eb54ab) Importer(815301076,1909f56bfc062723c751e8b465ee728b)  -> (artifact id: '89df8b4bd6a8823ece49123f73c9b37f') in 0.029665 seconds 
========================================================================
Received Import Request.
  Time since last request: 3.963542 seconds.
  path: Assets/Textures & Source/3DGamekitLite/Art/Models/Characters/Ch03_nonPBR@Idle.fbx
  artifactKey: Guid(e9bbc519d535a4fa19777dac36eb54ab) Importer(815301076,1909f56bfc062723c751e8b465ee728b)
Start importing Assets/Textures & Source/3DGamekitLite/Art/Models/Characters/Ch03_nonPBR@Idle.fbx using Guid(e9bbc519d535a4fa19777dac36eb54ab) Importer(815301076,1909f56bfc062723c751e8b465ee728b)  -> (artifact id: 'c374b7aa1d2b73ababd87c46d995ec81') in 0.027595 seconds 
========================================================================
Received Import Request.
  Time since last request: 93.169396 seconds.
  path: Assets/Textures & Source/3DGamekitLite/Art/Models/Characters/Ch03_nonPBR@Idle.fbx
  artifactKey: Guid(e9bbc519d535a4fa19777dac36eb54ab) Importer(815301076,1909f56bfc062723c751e8b465ee728b)
Start importing Assets/Textures & Source/3DGamekitLite/Art/Models/Characters/Ch03_nonPBR@Idle.fbx using Guid(e9bbc519d535a4fa19777dac36eb54ab) Importer(815301076,1909f56bfc062723c751e8b465ee728b)  -> (artifact id: '5d3cac00be639d09e895779ea2df39ef') in 0.021121 seconds 
========================================================================
Received Import Request.
  Time since last request: 8.157198 seconds.
  path: Assets/Textures & Source/3DGamekitLite/Art/Models/Characters/Ch03_nonPBR@Idle.fbx
  artifactKey: Guid(e9bbc519d535a4fa19777dac36eb54ab) Importer(815301076,1909f56bfc062723c751e8b465ee728b)
Start importing Assets/Textures & Source/3DGamekitLite/Art/Models/Characters/Ch03_nonPBR@Idle.fbx using Guid(e9bbc519d535a4fa19777dac36eb54ab) Importer(815301076,1909f56bfc062723c751e8b465ee728b)  -> (artifact id: '72f4c2e277ffcc7b9cc0d7661a0abbfc') in 0.017483 seconds 
========================================================================
Received Import Request.
  Time since last request: 18.265640 seconds.
  path: Assets/Textures & Source/3DGamekitLite/Art/Models/Characters/Ch03_nonPBR@Idle.fbx
  artifactKey: Guid(e9bbc519d535a4fa19777dac36eb54ab) Importer(815301076,1909f56bfc062723c751e8b465ee728b)
Start importing Assets/Textures & Source/3DGamekitLite/Art/Models/Characters/Ch03_nonPBR@Idle.fbx using Guid(e9bbc519d535a4fa19777dac36eb54ab) Importer(815301076,1909f56bfc062723c751e8b465ee728b)  -> (artifact id: 'f5905b3fe96ac9088975ee391c2d8233') in 0.017155 seconds 
========================================================================
Received Import Request.
  Time since last request: 2.795225 seconds.
  path: Assets/Textures & Source/3DGamekitLite/Art/Models/Characters/Ch03_nonPBR@Idle.fbx
  artifactKey: Guid(e9bbc519d535a4fa19777dac36eb54ab) Importer(815301076,1909f56bfc062723c751e8b465ee728b)
Start importing Assets/Textures & Source/3DGamekitLite/Art/Models/Characters/Ch03_nonPBR@Idle.fbx using Guid(e9bbc519d535a4fa19777dac36eb54ab) Importer(815301076,1909f56bfc062723c751e8b465ee728b)  -> (artifact id: '5ce2bd12bf59d1cbf24ac03039c0b413') in 0.017559 seconds 
========================================================================
Received Import Request.
  Time since last request: 12.081462 seconds.
  path: Assets/Textures & Source/3DGamekitLite/Art/Models/Characters/Ch03_nonPBR@Idle.fbx
  artifactKey: Guid(e9bbc519d535a4fa19777dac36eb54ab) Importer(815301076,1909f56bfc062723c751e8b465ee728b)
Start importing Assets/Textures & Source/3DGamekitLite/Art/Models/Characters/Ch03_nonPBR@Idle.fbx using Guid(e9bbc519d535a4fa19777dac36eb54ab) Importer(815301076,1909f56bfc062723c751e8b465ee728b)  -> (artifact id: '9dd68ceea551dd81ee7976a06c255ae5') in 0.256228 seconds 
========================================================================
Received Import Request.
  Time since last request: 6.272650 seconds.
  path: Assets/Textures & Source/3DGamekitLite/Art/Models/Characters/Ch03_nonPBR@Idle.fbx
  artifactKey: Guid(e9bbc519d535a4fa19777dac36eb54ab) Importer(815301076,1909f56bfc062723c751e8b465ee728b)
Start importing Assets/Textures & Source/3DGamekitLite/Art/Models/Characters/Ch03_nonPBR@Idle.fbx using Guid(e9bbc519d535a4fa19777dac36eb54ab) Importer(815301076,1909f56bfc062723c751e8b465ee728b)  -> (artifact id: '946a9e99f3e9803558566937a58dc8e5') in 0.028523 seconds 
========================================================================
Received Prepare
Registering precompiled user dll's ...
Registered in 0.001135 seconds.
Begin MonoManager ReloadAssembly
Thread 0x2912d7000 may have been prematurely finalized
Symbol file LoadedFromMemory doesn't match image /Users/tinyprince/Desktop/Study/Unity/Toy/Client/Library/PackageCache/com.unity.visualscripting@1.7.6/Editor/VisualScripting.Core/Dependencies/YamlDotNet/Unity.VisualScripting.YamlDotNet.dll
Symbol file LoadedFromMemory doesn't match image /Users/tinyprince/Desktop/Study/Unity/Toy/Client/Library/PackageCache/com.unity.visualscripting@1.7.6/Editor/VisualScripting.Core/Dependencies/DotNetZip/Unity.VisualScripting.IonicZip.dll
Native extension for WindowsStandalone target not found
Native extension for iOS target not found
Native extension for Android target not found
Native extension for OSXStandalone target not found
Refreshing native plugins compatible for Editor in 0.76 ms, found 3 plugins.
Preloading 0 native plugins for Editor in 0.00 ms.
Mono: successfully reloaded assembly
- Completed reload, in  0.649 seconds
Domain Reload Profiling:
	ReloadAssembly (650ms)
		BeginReloadAssembly (101ms)
			ExecutionOrderSort (0ms)
			DisableScriptedObjects (2ms)
			BackupInstance (0ms)
			ReleaseScriptingObjects (0ms)
			CreateAndSetChildDomain (47ms)
		EndReloadAssembly (486ms)
			LoadAssemblies (37ms)
			RebuildTransferFunctionScriptingTraits (0ms)
			SetupTypeCache (197ms)
			ReleaseScriptCaches (1ms)
			RebuildScriptCaches (31ms)
			SetupLoadedEditorAssemblies (193ms)
				LogAssemblyErrors (0ms)
				InitializePlatformSupportModulesInManaged (20ms)
				SetLoadedEditorAssemblies (0ms)
				RefreshPlugins (1ms)
				BeforeProcessingInitializeOnLoad (42ms)
				ProcessInitializeOnLoadAttributes (115ms)
				ProcessInitializeOnLoadMethodAttributes (14ms)
				AfterProcessingInitializeOnLoad (1ms)
				EditorAssembliesLoaded (0ms)
			ExecutionOrderSort2 (0ms)
			AwakeInstancesAfterBackupRestoration (2ms)
Platform modules already initialized, skipping
Refreshing native plugins compatible for Editor in 1.12 ms, found 3 plugins.
Preloading 0 native plugins for Editor in 0.00 ms.
Unloading 3352 Unused Serialized files (Serialized files now loaded: 0)
Unloading 21 unused Assets / (89.7 KB). Loaded Objects now: 3884.
Memory consumption went from 321.9 MB to 321.8 MB.
Total: 2.200625 ms (FindLiveObjects: 0.130834 ms CreateObjectMapping: 0.048291 ms MarkObjects: 1.958375 ms  DeleteObjects: 0.062584 ms)

AssetImportParameters requested are different than current active one (requested -> active):
  custom:video-decoder-ogg-theora: a1e56fd34408186e4bbccfd4996cb3dc -> 
  custom:container-muxer-webm: aa71ff27fc2769a1b78a27578f13a17b -> 
  custom:container-demuxer-webm: 4f35f7cbe854078d1ac9338744f61a02 -> 
  custom:video-encoder-webm-vp8: eb34c28f22e8b96e1ab97ce403110664 -> 
  custom:framework-osx-AVFoundation: e770b220cccbd017edd2c1fefb359320 -> 
  custom:audio-encoder-webm-vorbis: bf7c407c2cedff20999df2af8eb42d56 -> 
  custom:container-demuxer-ogg: 62fdf1f143b41e24485cea50d1cbac27 -> 
  custom:video-decoder-webm-vp8: 9c59270c3fd7afecdb556c50c9e8de78 -> 
  custom:audio-decoder-ogg-vorbis: bf7c407c2cedff20999df2af8eb42d56 -> 
========================================================================
Received Prepare
Registering precompiled user dll's ...
Registered in 0.001065 seconds.
Begin MonoManager ReloadAssembly
Thread 0x2912d7000 may have been prematurely finalized
Symbol file LoadedFromMemory doesn't match image /Users/tinyprince/Desktop/Study/Unity/Toy/Client/Library/PackageCache/com.unity.visualscripting@1.7.6/Editor/VisualScripting.Core/Dependencies/YamlDotNet/Unity.VisualScripting.YamlDotNet.dll
Symbol file LoadedFromMemory doesn't match image /Users/tinyprince/Desktop/Study/Unity/Toy/Client/Library/PackageCache/com.unity.visualscripting@1.7.6/Editor/VisualScripting.Core/Dependencies/DotNetZip/Unity.VisualScripting.IonicZip.dll
Native extension for WindowsStandalone target not found
Native extension for iOS target not found
Native extension for Android target not found
Native extension for OSXStandalone target not found
Refreshing native plugins compatible for Editor in 0.55 ms, found 3 plugins.
Preloading 0 native plugins for Editor in 0.00 ms.
Mono: successfully reloaded assembly
- Completed reload, in  0.628 seconds
Domain Reload Profiling:
	ReloadAssembly (629ms)
		BeginReloadAssembly (87ms)
			ExecutionOrderSort (0ms)
			DisableScriptedObjects (3ms)
			BackupInstance (0ms)
			ReleaseScriptingObjects (0ms)
			CreateAndSetChildDomain (36ms)
		EndReloadAssembly (477ms)
			LoadAssemblies (33ms)
			RebuildTransferFunctionScriptingTraits (0ms)
			SetupTypeCache (188ms)
			ReleaseScriptCaches (1ms)
			RebuildScriptCaches (28ms)
			SetupLoadedEditorAssemblies (198ms)
				LogAssemblyErrors (0ms)
				InitializePlatformSupportModulesInManaged (21ms)
				SetLoadedEditorAssemblies (0ms)
				RefreshPlugins (1ms)
				BeforeProcessingInitializeOnLoad (41ms)
				ProcessInitializeOnLoadAttributes (119ms)
				ProcessInitializeOnLoadMethodAttributes (14ms)
				AfterProcessingInitializeOnLoad (1ms)
				EditorAssembliesLoaded (0ms)
			ExecutionOrderSort2 (0ms)
			AwakeInstancesAfterBackupRestoration (2ms)
Platform modules already initialized, skipping
Refreshing native plugins compatible for Editor in 1.07 ms, found 3 plugins.
Preloading 0 native plugins for Editor in 0.00 ms.
Unloading 3352 Unused Serialized files (Serialized files now loaded: 0)
Unloading 19 unused Assets / (74.1 KB). Loaded Objects now: 3887.
Memory consumption went from 322.0 MB to 322.0 MB.
Total: 2.174750 ms (FindLiveObjects: 0.125084 ms CreateObjectMapping: 0.040041 ms MarkObjects: 1.951459 ms  DeleteObjects: 0.057542 ms)

AssetImportParameters requested are different than current active one (requested -> active):
  custom:video-decoder-ogg-theora: a1e56fd34408186e4bbccfd4996cb3dc -> 
  custom:container-muxer-webm: aa71ff27fc2769a1b78a27578f13a17b -> 
  custom:container-demuxer-webm: 4f35f7cbe854078d1ac9338744f61a02 -> 
  custom:video-encoder-webm-vp8: eb34c28f22e8b96e1ab97ce403110664 -> 
  custom:framework-osx-AVFoundation: e770b220cccbd017edd2c1fefb359320 -> 
  custom:audio-encoder-webm-vorbis: bf7c407c2cedff20999df2af8eb42d56 -> 
  custom:container-demuxer-ogg: 62fdf1f143b41e24485cea50d1cbac27 -> 
  custom:video-decoder-webm-vp8: 9c59270c3fd7afecdb556c50c9e8de78 -> 
  custom:audio-decoder-ogg-vorbis: bf7c407c2cedff20999df2af8eb42d56 -> 
========================================================================
Received Import Request.
  Time since last request: 379.718325 seconds.
  path: Assets/Textures & Source/3DGamekitLite/Art/Models/Characters/Idle.fbx
  artifactKey: Guid(38c3b9b488c1c43f6a326573f957acb9) Importer(815301076,1909f56bfc062723c751e8b465ee728b)
Start importing Assets/Textures & Source/3DGamekitLite/Art/Models/Characters/Idle.fbx using Guid(38c3b9b488c1c43f6a326573f957acb9) Importer(815301076,1909f56bfc062723c751e8b465ee728b)  -> (artifact id: 'ebd4c273ff10fe3582370b5c78f39633') in 0.087043 seconds 
========================================================================
Received Import Request.
  Time since last request: 7.175522 seconds.
  path: Assets/Textures & Source/3DGamekitLite/Art/Models/Characters/Idle.fbx
  artifactKey: Guid(38c3b9b488c1c43f6a326573f957acb9) Importer(815301076,1909f56bfc062723c751e8b465ee728b)
Start importing Assets/Textures & Source/3DGamekitLite/Art/Models/Characters/Idle.fbx using Guid(38c3b9b488c1c43f6a326573f957acb9) Importer(815301076,1909f56bfc062723c751e8b465ee728b)  -> (artifact id: '0c132f7228b30e3a454cfdc72c48973a') in 0.026501 seconds 
========================================================================
Received Import Request.
  Time since last request: 51.016774 seconds.
  path: Assets/Textures & Source/3DGamekitLite/Art/Models/Characters/Ch03_nonPBR@Idle.fbx
  artifactKey: Guid(e9bbc519d535a4fa19777dac36eb54ab) Importer(815301076,1909f56bfc062723c751e8b465ee728b)
Start importing Assets/Textures & Source/3DGamekitLite/Art/Models/Characters/Ch03_nonPBR@Idle.fbx using Guid(e9bbc519d535a4fa19777dac36eb54ab) Importer(815301076,1909f56bfc062723c751e8b465ee728b)  -> (artifact id: '7e2ac0dff34d39aa074c08e34eeabf73') in 0.029915 seconds 
========================================================================
Received Import Request.
  Time since last request: 18.769382 seconds.
  path: Assets/Textures & Source/3DGamekitLite/Art/Models/Characters/Ch03_nonPBR.fbx
  artifactKey: Guid(6f4ee555dcc2449a6903c5678a5a2152) Importer(815301076,1909f56bfc062723c751e8b465ee728b)
Start importing Assets/Textures & Source/3DGamekitLite/Art/Models/Characters/Ch03_nonPBR.fbx using Guid(6f4ee555dcc2449a6903c5678a5a2152) Importer(815301076,1909f56bfc062723c751e8b465ee728b)  -> (artifact id: '1e62a2e762f24ca03d47a9a4217ba7da') in 0.024819 seconds 
========================================================================
Received Import Request.
  Time since last request: 8.733352 seconds.
  path: Assets/Textures & Source/3DGamekitLite/Art/Models/Characters/Ch03_nonPBR.fbx
  artifactKey: Guid(6f4ee555dcc2449a6903c5678a5a2152) Importer(815301076,1909f56bfc062723c751e8b465ee728b)
Start importing Assets/Textures & Source/3DGamekitLite/Art/Models/Characters/Ch03_nonPBR.fbx using Guid(6f4ee555dcc2449a6903c5678a5a2152) Importer(815301076,1909f56bfc062723c751e8b465ee728b)  -> (artifact id: 'e4a8d4bd38eca0b01014b76b632c87b6') in 0.025965 seconds 
========================================================================
Received Import Request.
  Time since last request: 16.370648 seconds.
  path: Assets/Textures & Source/3DGamekitLite/Art/Models/Characters/Michalle
  artifactKey: Guid(b0fd7d808b92e4f988ebb36cca59f6f3) Importer(815301076,1909f56bfc062723c751e8b465ee728b)
Start importing Assets/Textures & Source/3DGamekitLite/Art/Models/Characters/Michalle using Guid(b0fd7d808b92e4f988ebb36cca59f6f3) Importer(815301076,1909f56bfc062723c751e8b465ee728b)  -> (artifact id: '952377a14948b996cbb27e1eabaf9508') in 0.000892 seconds 
========================================================================
Received Import Request.
  Time since last request: 18.425447 seconds.
  path: Assets/Textures & Source/3DGamekitLite/Art/Models/Characters/Michalle/Ch03_nonPBR.fbx
  artifactKey: Guid(6f4ee555dcc2449a6903c5678a5a2152) Importer(815301076,1909f56bfc062723c751e8b465ee728b)
Start importing Assets/Textures & Source/3DGamekitLite/Art/Models/Characters/Michalle/Ch03_nonPBR.fbx using Guid(6f4ee555dcc2449a6903c5678a5a2152) Importer(815301076,1909f56bfc062723c751e8b465ee728b)  -> (artifact id: '6bb5443d66b77cca997e8f58167d2566') in 0.030960 seconds 
========================================================================
Received Import Request.
  Time since last request: 8.839835 seconds.
  path: Assets/Textures & Source/3DGamekitLite/Art/Models/Characters/Michalle/Materials
  artifactKey: Guid(38f80d419f86b4d7889da029bece7548) Importer(815301076,1909f56bfc062723c751e8b465ee728b)
Start importing Assets/Textures & Source/3DGamekitLite/Art/Models/Characters/Michalle/Materials using Guid(38f80d419f86b4d7889da029bece7548) Importer(815301076,1909f56bfc062723c751e8b465ee728b)  -> (artifact id: '51825d936ae7032a9376a12da7e7d675') in 0.001539 seconds 
========================================================================
Received Import Request.
  Time since last request: 8.206780 seconds.
  path: Assets/Textures & Source/3DGamekitLite/Art/Models/Characters/Michalle/Ch03_nonPBR.fbx
  artifactKey: Guid(6f4ee555dcc2449a6903c5678a5a2152) Importer(815301076,1909f56bfc062723c751e8b465ee728b)
Start importing Assets/Textures & Source/3DGamekitLite/Art/Models/Characters/Michalle/Ch03_nonPBR.fbx using Guid(6f4ee555dcc2449a6903c5678a5a2152) Importer(815301076,1909f56bfc062723c751e8b465ee728b)  -> (artifact id: '9d32a2e6212dbf63b42c7752f31f231c') in 0.032653 seconds 
========================================================================
Received Import Request.
  Time since last request: 3.834966 seconds.
  path: Assets/Textures & Source/3DGamekitLite/Art/Models/Characters/Michalle/Ch03_nonPBR.fbx
  artifactKey: Guid(6f4ee555dcc2449a6903c5678a5a2152) Importer(815301076,1909f56bfc062723c751e8b465ee728b)
Start importing Assets/Textures & Source/3DGamekitLite/Art/Models/Characters/Michalle/Ch03_nonPBR.fbx using Guid(6f4ee555dcc2449a6903c5678a5a2152) Importer(815301076,1909f56bfc062723c751e8b465ee728b)  -> (artifact id: '12578c88b0df5687d7506d707d79856b') in 0.023681 seconds 
========================================================================
Received Import Request.
  Time since last request: 11.505100 seconds.
  path: Assets/Textures & Source/3DGamekitLite/Art/Models/Characters/Michalle/Ch03_nonPBR.fbx
  artifactKey: Guid(6f4ee555dcc2449a6903c5678a5a2152) Importer(815301076,1909f56bfc062723c751e8b465ee728b)
Start importing Assets/Textures & Source/3DGamekitLite/Art/Models/Characters/Michalle/Ch03_nonPBR.fbx using Guid(6f4ee555dcc2449a6903c5678a5a2152) Importer(815301076,1909f56bfc062723c751e8b465ee728b)  -> (artifact id: '206f33c0acfd006969cb233528856892') in 0.026441 seconds 
========================================================================
Received Import Request.
  Time since last request: 3.286514 seconds.
  path: Assets/Textures & Source/3DGamekitLite/Art/Models/Characters/Michalle/Ch03_nonPBR.fbx
  artifactKey: Guid(6f4ee555dcc2449a6903c5678a5a2152) Importer(815301076,1909f56bfc062723c751e8b465ee728b)
Start importing Assets/Textures & Source/3DGamekitLite/Art/Models/Characters/Michalle/Ch03_nonPBR.fbx using Guid(6f4ee555dcc2449a6903c5678a5a2152) Importer(815301076,1909f56bfc062723c751e8b465ee728b)  -> (artifact id: '7965e5a4ea4dc01d0eb0b50f043665fb') in 0.022648 seconds 
========================================================================
Received Import Request.
  Time since last request: 4.623308 seconds.
  path: Assets/Textures & Source/3DGamekitLite/Art/Models/Characters/Michalle/Ch03_nonPBR.fbx
  artifactKey: Guid(6f4ee555dcc2449a6903c5678a5a2152) Importer(815301076,1909f56bfc062723c751e8b465ee728b)
Start importing Assets/Textures & Source/3DGamekitLite/Art/Models/Characters/Michalle/Ch03_nonPBR.fbx using Guid(6f4ee555dcc2449a6903c5678a5a2152) Importer(815301076,1909f56bfc062723c751e8b465ee728b)  -> (artifact id: 'fd2793a6a68d4df9ad865a61235a81f2') in 0.023590 seconds 
========================================================================
Received Import Request.
  Time since last request: 46.523866 seconds.
  path: Assets/Textures & Source/3DGamekitLite/Art/Models/Characters/Michalle/Ch03_nonPBR.fbx
  artifactKey: Guid(6f4ee555dcc2449a6903c5678a5a2152) Importer(815301076,1909f56bfc062723c751e8b465ee728b)
Start importing Assets/Textures & Source/3DGamekitLite/Art/Models/Characters/Michalle/Ch03_nonPBR.fbx using Guid(6f4ee555dcc2449a6903c5678a5a2152) Importer(815301076,1909f56bfc062723c751e8b465ee728b)  -> (artifact id: '6de4398011c0227622e1fa1d03d20b62') in 0.024356 seconds 
========================================================================
Received Import Request.
  Time since last request: 5.234726 seconds.
  path: Assets/Textures & Source/3DGamekitLite/Art/Models/Characters/Michalle/Ch03_nonPBR.fbx
  artifactKey: Guid(6f4ee555dcc2449a6903c5678a5a2152) Importer(815301076,1909f56bfc062723c751e8b465ee728b)
Start importing Assets/Textures & Source/3DGamekitLite/Art/Models/Characters/Michalle/Ch03_nonPBR.fbx using Guid(6f4ee555dcc2449a6903c5678a5a2152) Importer(815301076,1909f56bfc062723c751e8b465ee728b)  -> (artifact id: '3b58dd2b1b534831553d6fd8a36c68b4') in 0.023250 seconds 
========================================================================
Received Import Request.
  Time since last request: 18.672312 seconds.
  path: Assets/Textures & Source/3DGamekitLite/Art/Models/Characters/Michalle/Ch03_nonPBR.fbx
  artifactKey: Guid(6f4ee555dcc2449a6903c5678a5a2152) Importer(815301076,1909f56bfc062723c751e8b465ee728b)
Start importing Assets/Textures & Source/3DGamekitLite/Art/Models/Characters/Michalle/Ch03_nonPBR.fbx using Guid(6f4ee555dcc2449a6903c5678a5a2152) Importer(815301076,1909f56bfc062723c751e8b465ee728b)  -> (artifact id: '53d8d27f0648b52e3fdf0efce2333653') in 0.028442 seconds 
========================================================================
Received Import Request.
  Time since last request: 5.882433 seconds.
  path: Assets/Textures & Source/3DGamekitLite/Art/Models/Characters/Michalle/Ch03_nonPBR.fbx
  artifactKey: Guid(6f4ee555dcc2449a6903c5678a5a2152) Importer(815301076,1909f56bfc062723c751e8b465ee728b)
Start importing Assets/Textures & Source/3DGamekitLite/Art/Models/Characters/Michalle/Ch03_nonPBR.fbx using Guid(6f4ee555dcc2449a6903c5678a5a2152) Importer(815301076,1909f56bfc062723c751e8b465ee728b)  -> (artifact id: '12399dbc3c6c46ff147e734c5c47c66c') in 0.025797 seconds 
========================================================================
Received Import Request.
  Time since last request: 86.356417 seconds.
  path: Assets/Textures & Source/3DGamekitLite/Art/Models/Characters/Michalle/Ch03_nonPBR.fbx
  artifactKey: Guid(6f4ee555dcc2449a6903c5678a5a2152) Importer(815301076,1909f56bfc062723c751e8b465ee728b)
Start importing Assets/Textures & Source/3DGamekitLite/Art/Models/Characters/Michalle/Ch03_nonPBR.fbx using Guid(6f4ee555dcc2449a6903c5678a5a2152) Importer(815301076,1909f56bfc062723c751e8b465ee728b)  -> (artifact id: '3bf436de99919098a2890d7e8c075467') in 0.030402 seconds 
========================================================================
Received Import Request.
  Time since last request: 2.700765 seconds.
  path: Assets/Textures & Source/3DGamekitLite/Art/Models/Characters/Michalle/Ch03_nonPBR.fbx
  artifactKey: Guid(6f4ee555dcc2449a6903c5678a5a2152) Importer(815301076,1909f56bfc062723c751e8b465ee728b)
Start importing Assets/Textures & Source/3DGamekitLite/Art/Models/Characters/Michalle/Ch03_nonPBR.fbx using Guid(6f4ee555dcc2449a6903c5678a5a2152) Importer(815301076,1909f56bfc062723c751e8b465ee728b)  -> (artifact id: 'b5b4155ecca478a5ee7ac5ab225f0c92') in 0.035336 seconds 
========================================================================
Received Import Request.
  Time since last request: 9.442689 seconds.
  path: Assets/Textures & Source/3DGamekitLite/Art/Models/Characters/Michalle/Ch03_nonPBR.fbm
  artifactKey: Guid(b95c6d9a5d1f74dab96fbaf9dee4e0b7) Importer(815301076,1909f56bfc062723c751e8b465ee728b)
Start importing Assets/Textures & Source/3DGamekitLite/Art/Models/Characters/Michalle/Ch03_nonPBR.fbm using Guid(b95c6d9a5d1f74dab96fbaf9dee4e0b7) Importer(815301076,1909f56bfc062723c751e8b465ee728b)  -> (artifact id: 'd06d2701c2aff551389ee4382b9a90a4') in 0.001569 seconds 
========================================================================
Received Import Request.
  Time since last request: 34.042455 seconds.
  path: Assets/Textures & Source/3DGamekitLite/Art/Models/Characters/Michalle/Michalle.fbx
  artifactKey: Guid(6f4ee555dcc2449a6903c5678a5a2152) Importer(815301076,1909f56bfc062723c751e8b465ee728b)
Start importing Assets/Textures & Source/3DGamekitLite/Art/Models/Characters/Michalle/Michalle.fbx using Guid(6f4ee555dcc2449a6903c5678a5a2152) Importer(815301076,1909f56bfc062723c751e8b465ee728b)  -> (artifact id: '6249cc1897c3a0ed1c205f598ec484ef') in 0.033941 seconds 
========================================================================
Received Prepare
Registering precompiled user dll's ...
Registered in 0.001221 seconds.
Begin MonoManager ReloadAssembly
Thread 0x2912d7000 may have been prematurely finalized
Symbol file LoadedFromMemory doesn't match image /Users/tinyprince/Desktop/Study/Unity/Toy/Client/Library/PackageCache/com.unity.visualscripting@1.7.6/Editor/VisualScripting.Core/Dependencies/YamlDotNet/Unity.VisualScripting.YamlDotNet.dll
Symbol file LoadedFromMemory doesn't match image /Users/tinyprince/Desktop/Study/Unity/Toy/Client/Library/PackageCache/com.unity.visualscripting@1.7.6/Editor/VisualScripting.Core/Dependencies/DotNetZip/Unity.VisualScripting.IonicZip.dll
Native extension for WindowsStandalone target not found
Native extension for iOS target not found
Native extension for Android target not found
Native extension for OSXStandalone target not found
Refreshing native plugins compatible for Editor in 0.79 ms, found 3 plugins.
Preloading 0 native plugins for Editor in 0.00 ms.
Mono: successfully reloaded assembly
- Completed reload, in  0.669 seconds
Domain Reload Profiling:
	ReloadAssembly (669ms)
		BeginReloadAssembly (94ms)
			ExecutionOrderSort (0ms)
			DisableScriptedObjects (2ms)
			BackupInstance (0ms)
			ReleaseScriptingObjects (0ms)
			CreateAndSetChildDomain (41ms)
		EndReloadAssembly (506ms)
			LoadAssemblies (37ms)
			RebuildTransferFunctionScriptingTraits (0ms)
			SetupTypeCache (207ms)
			ReleaseScriptCaches (1ms)
			RebuildScriptCaches (31ms)
			SetupLoadedEditorAssemblies (199ms)
				LogAssemblyErrors (0ms)
				InitializePlatformSupportModulesInManaged (19ms)
				SetLoadedEditorAssemblies (0ms)
				RefreshPlugins (1ms)
				BeforeProcessingInitializeOnLoad (42ms)
				ProcessInitializeOnLoadAttributes (121ms)
				ProcessInitializeOnLoadMethodAttributes (14ms)
				AfterProcessingInitializeOnLoad (1ms)
				EditorAssembliesLoaded (0ms)
			ExecutionOrderSort2 (0ms)
			AwakeInstancesAfterBackupRestoration (2ms)
Platform modules already initialized, skipping
Refreshing native plugins compatible for Editor in 1.95 ms, found 3 plugins.
Preloading 0 native plugins for Editor in 0.00 ms.
Unloading 3352 Unused Serialized files (Serialized files now loaded: 0)
Unloading 19 unused Assets / (74.1 KB). Loaded Objects now: 3890.
Memory consumption went from 322.2 MB to 322.1 MB.
Total: 2.161000 ms (FindLiveObjects: 0.130292 ms CreateObjectMapping: 0.045125 ms MarkObjects: 1.926458 ms  DeleteObjects: 0.058500 ms)

AssetImportParameters requested are different than current active one (requested -> active):
  custom:video-decoder-ogg-theora: a1e56fd34408186e4bbccfd4996cb3dc -> 
  custom:container-muxer-webm: aa71ff27fc2769a1b78a27578f13a17b -> 
  custom:container-demuxer-webm: 4f35f7cbe854078d1ac9338744f61a02 -> 
  custom:video-encoder-webm-vp8: eb34c28f22e8b96e1ab97ce403110664 -> 
  custom:framework-osx-AVFoundation: e770b220cccbd017edd2c1fefb359320 -> 
  custom:audio-encoder-webm-vorbis: bf7c407c2cedff20999df2af8eb42d56 -> 
  custom:container-demuxer-ogg: 62fdf1f143b41e24485cea50d1cbac27 -> 
  custom:video-decoder-webm-vp8: 9c59270c3fd7afecdb556c50c9e8de78 -> 
  custom:audio-decoder-ogg-vorbis: bf7c407c2cedff20999df2af8eb42d56 -> 
========================================================================
Received Import Request.
  Time since last request: 56.890241 seconds.
  path: Assets/Textures & Source/3DGamekitLite/Art/Models/Characters/Michalle/Materials/Ch03_1001_Diffuse.mat
  artifactKey: Guid(a27a84fda50a64490a72dee3fcedfa86) Importer(815301076,1909f56bfc062723c751e8b465ee728b)
Start importing Assets/Textures & Source/3DGamekitLite/Art/Models/Characters/Michalle/Materials/Ch03_1001_Diffuse.mat using Guid(a27a84fda50a64490a72dee3fcedfa86) Importer(815301076,1909f56bfc062723c751e8b465ee728b)  -> (artifact id: '7291df3a0be456f5aff8a883fe0236ac') in 0.075084 seconds 
========================================================================
Received Import Request.
  Time since last request: 0.000054 seconds.
  path: Assets/Textures & Source/3DGamekitLite/Art/Models/Characters/Michalle/Materials/Ch03_nonPBR-Ch03_Body.mat
  artifactKey: Guid(e775d92a22e1d412494e27492dd9c41e) Importer(815301076,1909f56bfc062723c751e8b465ee728b)
Start importing Assets/Textures & Source/3DGamekitLite/Art/Models/Characters/Michalle/Materials/Ch03_nonPBR-Ch03_Body.mat using Guid(e775d92a22e1d412494e27492dd9c41e) Importer(815301076,1909f56bfc062723c751e8b465ee728b)  -> (artifact id: '9127d95b0f72f30ce7728bfcea17a148') in 0.005522 seconds 
========================================================================
Received Prepare
Registering precompiled user dll's ...
Registered in 0.001315 seconds.
Begin MonoManager ReloadAssembly
Thread 0x2912d7000 may have been prematurely finalized
Symbol file LoadedFromMemory doesn't match image /Users/tinyprince/Desktop/Study/Unity/Toy/Client/Library/PackageCache/com.unity.visualscripting@1.7.6/Editor/VisualScripting.Core/Dependencies/YamlDotNet/Unity.VisualScripting.YamlDotNet.dll
Symbol file LoadedFromMemory doesn't match image /Users/tinyprince/Desktop/Study/Unity/Toy/Client/Library/PackageCache/com.unity.visualscripting@1.7.6/Editor/VisualScripting.Core/Dependencies/DotNetZip/Unity.VisualScripting.IonicZip.dll
Native extension for WindowsStandalone target not found
Native extension for iOS target not found
Native extension for Android target not found
Native extension for OSXStandalone target not found
Refreshing native plugins compatible for Editor in 0.48 ms, found 3 plugins.
Preloading 0 native plugins for Editor in 0.00 ms.
Mono: successfully reloaded assembly
- Completed reload, in  0.669 seconds
Domain Reload Profiling:
	ReloadAssembly (682ms)
		BeginReloadAssembly (102ms)
			ExecutionOrderSort (0ms)
			DisableScriptedObjects (2ms)
			BackupInstance (0ms)
			ReleaseScriptingObjects (0ms)
			CreateAndSetChildDomain (48ms)
		EndReloadAssembly (512ms)
			LoadAssemblies (37ms)
			RebuildTransferFunctionScriptingTraits (0ms)
			SetupTypeCache (199ms)
			ReleaseScriptCaches (1ms)
			RebuildScriptCaches (30ms)
			SetupLoadedEditorAssemblies (203ms)
				LogAssemblyErrors (0ms)
				InitializePlatformSupportModulesInManaged (21ms)
				SetLoadedEditorAssemblies (0ms)
				RefreshPlugins (0ms)
				BeforeProcessingInitializeOnLoad (42ms)
				ProcessInitializeOnLoadAttributes (124ms)
				ProcessInitializeOnLoadMethodAttributes (15ms)
				AfterProcessingInitializeOnLoad (1ms)
				EditorAssembliesLoaded (0ms)
			ExecutionOrderSort2 (0ms)
			AwakeInstancesAfterBackupRestoration (2ms)
Platform modules already initialized, skipping
Refreshing native plugins compatible for Editor in 1.30 ms, found 3 plugins.
Preloading 0 native plugins for Editor in 0.00 ms.
Unloading 3352 Unused Serialized files (Serialized files now loaded: 0)
Unloading 19 unused Assets / (74.1 KB). Loaded Objects now: 3893.
Memory consumption went from 322.5 MB to 322.4 MB.
Total: 1.959000 ms (FindLiveObjects: 0.117166 ms CreateObjectMapping: 0.041500 ms MarkObjects: 1.733917 ms  DeleteObjects: 0.065833 ms)

AssetImportParameters requested are different than current active one (requested -> active):
  custom:video-decoder-ogg-theora: a1e56fd34408186e4bbccfd4996cb3dc -> 
  custom:container-muxer-webm: aa71ff27fc2769a1b78a27578f13a17b -> 
  custom:container-demuxer-webm: 4f35f7cbe854078d1ac9338744f61a02 -> 
  custom:video-encoder-webm-vp8: eb34c28f22e8b96e1ab97ce403110664 -> 
  custom:framework-osx-AVFoundation: e770b220cccbd017edd2c1fefb359320 -> 
  custom:audio-encoder-webm-vorbis: bf7c407c2cedff20999df2af8eb42d56 -> 
  custom:container-demuxer-ogg: 62fdf1f143b41e24485cea50d1cbac27 -> 
  custom:video-decoder-webm-vp8: 9c59270c3fd7afecdb556c50c9e8de78 -> 
  custom:audio-decoder-ogg-vorbis: bf7c407c2cedff20999df2af8eb42d56 -> 
========================================================================
Received Prepare
Registering precompiled user dll's ...
Registered in 0.001232 seconds.
Begin MonoManager ReloadAssembly
Thread 0x16f67f000 may have been prematurely finalized
Symbol file LoadedFromMemory doesn't match image /Users/tinyprince/Desktop/Study/Unity/Toy/Client/Library/PackageCache/com.unity.visualscripting@1.7.6/Editor/VisualScripting.Core/Dependencies/YamlDotNet/Unity.VisualScripting.YamlDotNet.dll
Symbol file LoadedFromMemory doesn't match image /Users/tinyprince/Desktop/Study/Unity/Toy/Client/Library/PackageCache/com.unity.visualscripting@1.7.6/Editor/VisualScripting.Core/Dependencies/DotNetZip/Unity.VisualScripting.IonicZip.dll
Native extension for WindowsStandalone target not found
Native extension for iOS target not found
Native extension for Android target not found
Native extension for OSXStandalone target not found
Refreshing native plugins compatible for Editor in 0.40 ms, found 3 plugins.
Preloading 0 native plugins for Editor in 0.00 ms.
Mono: successfully reloaded assembly
- Completed reload, in  0.624 seconds
Domain Reload Profiling:
	ReloadAssembly (624ms)
		BeginReloadAssembly (89ms)
			ExecutionOrderSort (0ms)
			DisableScriptedObjects (3ms)
			BackupInstance (0ms)
			ReleaseScriptingObjects (0ms)
			CreateAndSetChildDomain (38ms)
		EndReloadAssembly (471ms)
			LoadAssemblies (34ms)
			RebuildTransferFunctionScriptingTraits (0ms)
			SetupTypeCache (188ms)
			ReleaseScriptCaches (1ms)
			RebuildScriptCaches (29ms)
			SetupLoadedEditorAssemblies (190ms)
				LogAssemblyErrors (0ms)
				InitializePlatformSupportModulesInManaged (18ms)
				SetLoadedEditorAssemblies (0ms)
				RefreshPlugins (0ms)
				BeforeProcessingInitializeOnLoad (41ms)
				ProcessInitializeOnLoadAttributes (116ms)
				ProcessInitializeOnLoadMethodAttributes (14ms)
				AfterProcessingInitializeOnLoad (1ms)
				EditorAssembliesLoaded (0ms)
			ExecutionOrderSort2 (0ms)
			AwakeInstancesAfterBackupRestoration (2ms)
Platform modules already initialized, skipping
Refreshing native plugins compatible for Editor in 1.15 ms, found 3 plugins.
Preloading 0 native plugins for Editor in 0.00 ms.
Unloading 3352 Unused Serialized files (Serialized files now loaded: 0)
Unloading 19 unused Assets / (74.0 KB). Loaded Objects now: 3896.
Memory consumption went from 322.7 MB to 322.6 MB.
Total: 2.229292 ms (FindLiveObjects: 0.146958 ms CreateObjectMapping: 0.047583 ms MarkObjects: 1.973334 ms  DeleteObjects: 0.060292 ms)

AssetImportParameters requested are different than current active one (requested -> active):
  custom:video-decoder-ogg-theora: a1e56fd34408186e4bbccfd4996cb3dc -> 
  custom:container-muxer-webm: aa71ff27fc2769a1b78a27578f13a17b -> 
  custom:container-demuxer-webm: 4f35f7cbe854078d1ac9338744f61a02 -> 
  custom:video-encoder-webm-vp8: eb34c28f22e8b96e1ab97ce403110664 -> 
  custom:framework-osx-AVFoundation: e770b220cccbd017edd2c1fefb359320 -> 
  custom:audio-encoder-webm-vorbis: bf7c407c2cedff20999df2af8eb42d56 -> 
  custom:container-demuxer-ogg: 62fdf1f143b41e24485cea50d1cbac27 -> 
  custom:video-decoder-webm-vp8: 9c59270c3fd7afecdb556c50c9e8de78 -> 
  custom:audio-decoder-ogg-vorbis: bf7c407c2cedff20999df2af8eb42d56 -> 
========================================================================
Received Import Request.
  Time since last request: 69.400935 seconds.
  path: Assets/Textures & Source/3DGamekitLite/Art/Models/Characters/Michalle/Michalle.fbx
  artifactKey: Guid(6f4ee555dcc2449a6903c5678a5a2152) Importer(815301076,1909f56bfc062723c751e8b465ee728b)
Start importing Assets/Textures & Source/3DGamekitLite/Art/Models/Characters/Michalle/Michalle.fbx using Guid(6f4ee555dcc2449a6903c5678a5a2152) Importer(815301076,1909f56bfc062723c751e8b465ee728b)  -> (artifact id: '19582d335e69f26d1556ebb629075f68') in 0.073970 seconds 
========================================================================
Received Import Request.
  Time since last request: 25.005786 seconds.
  path: Assets/Textures & Source/3DGamekitLite/Art/Models/Characters/Michalle/Michalle.fbx
  artifactKey: Guid(6f4ee555dcc2449a6903c5678a5a2152) Importer(815301076,1909f56bfc062723c751e8b465ee728b)
Start importing Assets/Textures & Source/3DGamekitLite/Art/Models/Characters/Michalle/Michalle.fbx using Guid(6f4ee555dcc2449a6903c5678a5a2152) Importer(815301076,1909f56bfc062723c751e8b465ee728b)  -> (artifact id: '21422e355b2a211aeb6962322ddf5433') in 0.018807 seconds 
========================================================================
Received Import Request.
  Time since last request: 6.741883 seconds.
  path: Assets/Textures & Source/3DGamekitLite/Art/Models/Characters/Michalle/Michalle.fbx
  artifactKey: Guid(6f4ee555dcc2449a6903c5678a5a2152) Importer(815301076,1909f56bfc062723c751e8b465ee728b)
Start importing Assets/Textures & Source/3DGamekitLite/Art/Models/Characters/Michalle/Michalle.fbx using Guid(6f4ee555dcc2449a6903c5678a5a2152) Importer(815301076,1909f56bfc062723c751e8b465ee728b)  -> (artifact id: '71fb88c12096453c9245fa4748d32ca8') in 0.015649 seconds 
========================================================================
Received Import Request.
  Time since last request: 51.149143 seconds.
  path: Assets/Textures & Source/3DGamekitLite/Art/Models/Characters/Michalle/Michalle.fbx
  artifactKey: Guid(6f4ee555dcc2449a6903c5678a5a2152) Importer(815301076,1909f56bfc062723c751e8b465ee728b)
Start importing Assets/Textures & Source/3DGamekitLite/Art/Models/Characters/Michalle/Michalle.fbx using Guid(6f4ee555dcc2449a6903c5678a5a2152) Importer(815301076,1909f56bfc062723c751e8b465ee728b)  -> (artifact id: '8ebbe0f5397198cb57f9ea441c8e1a77') in 0.018994 seconds 
========================================================================
Received Import Request.
  Time since last request: 8.053218 seconds.
  path: Assets/Textures & Source/3DGamekitLite/Art/Models/Characters/Michalle/Michalle.fbx
  artifactKey: Guid(6f4ee555dcc2449a6903c5678a5a2152) Importer(815301076,1909f56bfc062723c751e8b465ee728b)
Start importing Assets/Textures & Source/3DGamekitLite/Art/Models/Characters/Michalle/Michalle.fbx using Guid(6f4ee555dcc2449a6903c5678a5a2152) Importer(815301076,1909f56bfc062723c751e8b465ee728b)  -> (artifact id: '7738ec6ca7831edc6867b2d12e0e9126') in 0.020765 seconds 
========================================================================
Received Import Request.
  Time since last request: 6.227030 seconds.
  path: Assets/Textures & Source/3DGamekitLite/Art/Models/Characters/Michalle/Michalle.fbx
  artifactKey: Guid(6f4ee555dcc2449a6903c5678a5a2152) Importer(815301076,1909f56bfc062723c751e8b465ee728b)
Start importing Assets/Textures & Source/3DGamekitLite/Art/Models/Characters/Michalle/Michalle.fbx using Guid(6f4ee555dcc2449a6903c5678a5a2152) Importer(815301076,1909f56bfc062723c751e8b465ee728b)  -> (artifact id: '35b6846df5854a6fe990b99347ab9414') in 0.021410 seconds 
========================================================================
Received Import Request.
  Time since last request: 3.739709 seconds.
  path: Assets/Textures & Source/3DGamekitLite/Art/Models/Characters/Michalle/Michalle.fbx
  artifactKey: Guid(6f4ee555dcc2449a6903c5678a5a2152) Importer(815301076,1909f56bfc062723c751e8b465ee728b)
Start importing Assets/Textures & Source/3DGamekitLite/Art/Models/Characters/Michalle/Michalle.fbx using Guid(6f4ee555dcc2449a6903c5678a5a2152) Importer(815301076,1909f56bfc062723c751e8b465ee728b)  -> (artifact id: 'd878d93b7198758ff95ac32db0cc5c9f') in 0.020648 seconds 
========================================================================
Received Import Request.
  Time since last request: 6.349581 seconds.
  path: Assets/Textures & Source/3DGamekitLite/Art/Models/Characters/Michalle/Michalle.fbx
  artifactKey: Guid(6f4ee555dcc2449a6903c5678a5a2152) Importer(815301076,1909f56bfc062723c751e8b465ee728b)
Start importing Assets/Textures & Source/3DGamekitLite/Art/Models/Characters/Michalle/Michalle.fbx using Guid(6f4ee555dcc2449a6903c5678a5a2152) Importer(815301076,1909f56bfc062723c751e8b465ee728b)  -> (artifact id: 'e6055816e4bc3475c0710e614e186cc3') in 0.025737 seconds 
========================================================================
Received Import Request.
  Time since last request: 1.877169 seconds.
  path: Assets/Textures & Source/3DGamekitLite/Art/Models/Characters/Michalle/Michalle.fbm
  artifactKey: Guid(989e9ca55229d45a9ba17fc179ffc2cc) Importer(815301076,1909f56bfc062723c751e8b465ee728b)
Start importing Assets/Textures & Source/3DGamekitLite/Art/Models/Characters/Michalle/Michalle.fbm using Guid(989e9ca55229d45a9ba17fc179ffc2cc) Importer(815301076,1909f56bfc062723c751e8b465ee728b)  -> (artifact id: '13aa15738fd45c05761cfb17557cf240') in 0.001142 seconds 
========================================================================
Received Prepare
Registering precompiled user dll's ...
Registered in 0.001315 seconds.
Begin MonoManager ReloadAssembly
Thread 0x2912d7000 may have been prematurely finalized
Symbol file LoadedFromMemory doesn't match image /Users/tinyprince/Desktop/Study/Unity/Toy/Client/Library/PackageCache/com.unity.visualscripting@1.7.6/Editor/VisualScripting.Core/Dependencies/YamlDotNet/Unity.VisualScripting.YamlDotNet.dll
Symbol file LoadedFromMemory doesn't match image /Users/tinyprince/Desktop/Study/Unity/Toy/Client/Library/PackageCache/com.unity.visualscripting@1.7.6/Editor/VisualScripting.Core/Dependencies/DotNetZip/Unity.VisualScripting.IonicZip.dll
Native extension for WindowsStandalone target not found
Native extension for iOS target not found
Native extension for Android target not found
Native extension for OSXStandalone target not found
Refreshing native plugins compatible for Editor in 0.41 ms, found 3 plugins.
Preloading 0 native plugins for Editor in 0.00 ms.
Mono: successfully reloaded assembly
- Completed reload, in  0.628 seconds
Domain Reload Profiling:
	ReloadAssembly (629ms)
		BeginReloadAssembly (90ms)
			ExecutionOrderSort (0ms)
			DisableScriptedObjects (2ms)
			BackupInstance (0ms)
			ReleaseScriptingObjects (0ms)
			CreateAndSetChildDomain (39ms)
		EndReloadAssembly (475ms)
			LoadAssemblies (33ms)
			RebuildTransferFunctionScriptingTraits (0ms)
			SetupTypeCache (191ms)
			ReleaseScriptCaches (1ms)
			RebuildScriptCaches (29ms)
			SetupLoadedEditorAssemblies (191ms)
				LogAssemblyErrors (0ms)
				InitializePlatformSupportModulesInManaged (19ms)
				SetLoadedEditorAssemblies (0ms)
				RefreshPlugins (0ms)
				BeforeProcessingInitializeOnLoad (41ms)
				ProcessInitializeOnLoadAttributes (115ms)
				ProcessInitializeOnLoadMethodAttributes (14ms)
				AfterProcessingInitializeOnLoad (1ms)
				EditorAssembliesLoaded (0ms)
			ExecutionOrderSort2 (0ms)
			AwakeInstancesAfterBackupRestoration (2ms)
Platform modules already initialized, skipping
Refreshing native plugins compatible for Editor in 0.84 ms, found 3 plugins.
Preloading 0 native plugins for Editor in 0.00 ms.
Unloading 3352 Unused Serialized files (Serialized files now loaded: 0)
Unloading 19 unused Assets / (74.1 KB). Loaded Objects now: 3899.
Memory consumption went from 323.1 MB to 323.0 MB.
Total: 2.409458 ms (FindLiveObjects: 0.141541 ms CreateObjectMapping: 0.047417 ms MarkObjects: 2.128292 ms  DeleteObjects: 0.091333 ms)

AssetImportParameters requested are different than current active one (requested -> active):
  custom:video-decoder-ogg-theora: a1e56fd34408186e4bbccfd4996cb3dc -> 
  custom:container-muxer-webm: aa71ff27fc2769a1b78a27578f13a17b -> 
  custom:container-demuxer-webm: 4f35f7cbe854078d1ac9338744f61a02 -> 
  custom:video-encoder-webm-vp8: eb34c28f22e8b96e1ab97ce403110664 -> 
  custom:framework-osx-AVFoundation: e770b220cccbd017edd2c1fefb359320 -> 
  custom:audio-encoder-webm-vorbis: bf7c407c2cedff20999df2af8eb42d56 -> 
  custom:container-demuxer-ogg: 62fdf1f143b41e24485cea50d1cbac27 -> 
  custom:video-decoder-webm-vp8: 9c59270c3fd7afecdb556c50c9e8de78 -> 
  custom:audio-decoder-ogg-vorbis: bf7c407c2cedff20999df2af8eb42d56 -> 
